<?xml version="1.0" encoding="UTF-8" ?>
<testsuite tests="4" failures="0" name="base.Person_Test" time="5.975" errors="4" skipped="0">
  <properties>
[...]
</properties>
  <testcase classname="base.Person_Test" name="TestUpdatePerson" time="5.259">
    <error message="Index: 0, Size: 0" type="java.lang.IndexOutOfBoundsException">java.lang.IndexOutOfBoundsException: Index: 0, Size: 0
	at java.util.ArrayList.rangeCheck(ArrayList.java:653)
	at java.util.ArrayList.get(ArrayList.java:429)
	at base.PersonDAL.getPerson(PersonDAL.java:78)
	at base.Person_Test.tearDown(Person_Test.java:59)
	at sun.reflect.NativeMethodAccessorImpl.invoke0(Native Method)
	at sun.reflect.NativeMethodAccessorImpl.invoke(NativeMethodAccessorImpl.java:62)
	at sun.reflect.DelegatingMethodAccessorImpl.invoke(DelegatingMethodAccessorImpl.java:43)
	at java.lang.reflect.Method.invoke(Method.java:498)
	at org.junit.runners.model.FrameworkMethod$1.runReflectiveCall(FrameworkMethod.java:47)
	at org.junit.internal.runners.model.ReflectiveCallable.run(ReflectiveCallable.java:12)
	at org.junit.runners.model.FrameworkMethod.invokeExplosively(FrameworkMethod.java:44)
	at org.junit.internal.runners.statements.RunAfters.evaluate(RunAfters.java:33)
	at org.junit.runners.ParentRunner.runLeaf(ParentRunner.java:271)
	at org.junit.runners.BlockJUnit4ClassRunner.runChild(BlockJUnit4ClassRunner.java:70)
	at org.junit.runners.BlockJUnit4ClassRunner.runChild(BlockJUnit4ClassRunner.java:50)
	at org.junit.runners.ParentRunner$3.run(ParentRunner.java:238)
	at org.junit.runners.ParentRunner$1.schedule(ParentRunner.java:63)
	at org.junit.runners.ParentRunner.runChildren(ParentRunner.java:236)
	at org.junit.runners.ParentRunner.access$000(ParentRunner.java:53)
	at org.junit.runners.ParentRunner$2.evaluate(ParentRunner.java:229)
	at org.junit.internal.runners.statements.RunBefores.evaluate(RunBefores.java:26)
	at org.junit.runners.ParentRunner.run(ParentRunner.java:309)
	at org.apache.maven.surefire.junit4.JUnit4Provider.execute(JUnit4Provider.java:252)
	at org.apache.maven.surefire.junit4.JUnit4Provider.executeTestSet(JUnit4Provider.java:141)
	at org.apache.maven.surefire.junit4.JUnit4Provider.invoke(JUnit4Provider.java:112)
	at sun.reflect.NativeMethodAccessorImpl.invoke0(Native Method)
	at sun.reflect.NativeMethodAccessorImpl.invoke(NativeMethodAccessorImpl.java:62)
	at sun.reflect.DelegatingMethodAccessorImpl.invoke(DelegatingMethodAccessorImpl.java:43)
	at java.lang.reflect.Method.invoke(Method.java:498)
	at org.apache.maven.surefire.util.ReflectionUtils.invokeMethodWithArray(ReflectionUtils.java:189)
	at org.apache.maven.surefire.booter.ProviderFactory$ProviderProxy.invoke(ProviderFactory.java:165)
	at org.apache.maven.surefire.booter.ProviderFactory.invokeProvider(ProviderFactory.java:85)
	at org.apache.maven.surefire.booter.ForkedBooter.runSuitesInProcess(ForkedBooter.java:115)
	at org.apache.maven.surefire.booter.ForkedBooter.main(ForkedBooter.java:75)
</error>
    <system-out>00:20:18.047 [main] DEBUG org.jboss.logging - Logging Provider: org.jboss.logging.Slf4jLoggerProvider
00:20:18.085 [main] DEBUG o.h.i.internal.IntegratorServiceImpl - Adding Integrator [org.hibernate.cfg.beanvalidation.BeanValidationIntegrator].
00:20:18.090 [main] DEBUG o.h.i.internal.IntegratorServiceImpl - Adding Integrator [org.hibernate.secure.spi.JaccIntegrator].
00:20:18.092 [main] DEBUG o.h.i.internal.IntegratorServiceImpl - Adding Integrator [org.hibernate.cache.internal.CollectionCacheInvalidator].
00:20:18.208 [main] INFO  org.hibernate.Version - HHH000412: Hibernate Core {5.0.2.Final}
00:20:18.211 [main] INFO  org.hibernate.cfg.Environment - HHH000206: hibernate.properties not found
00:20:18.214 [main] INFO  org.hibernate.cfg.Environment - HHH000021: Bytecode provider name : javassist
00:20:18.263 [main] DEBUG o.h.b.j.i.s.LocalXmlResourceResolver - Interpreting public/system identifier : [-//Hibernate/Hibernate Configuration DTD 3.0//EN] - [http://www.hibernate.org/dtd/hibernate-configuration-3.0.dtd]
00:20:18.264 [main] DEBUG o.h.b.j.i.s.LocalXmlResourceResolver - Recognized hibernate-configuration identifier; attempting to resolve on classpath under org/hibernate/
00:20:18.274 [main] DEBUG o.h.b.c.internal.JaxbCfgProcessor - cfg.xml document did not define namespaces; wrapping in custom event reader to introduce namespace information
00:20:18.590 [main] DEBUG org.hibernate.cfg.Configuration - Building session factory using internal StandardServiceRegistryBuilder
00:20:18.598 [main] DEBUG o.h.service.spi.ServiceBinding - Overriding existing service binding [org.hibernate.secure.spi.JaccService]
00:20:18.598 [main] DEBUG org.hibernate.cfg.Configuration - Building session factory using provided StandardServiceRegistry
00:20:18.613 [main] DEBUG o.h.c.i.RegionFactoryInitiator - Cache region factory : org.hibernate.cache.internal.NoCachingRegionFactory
00:20:18.619 [main] INFO  o.h.annotations.common.Version - HCANN000001: Hibernate Commons Annotations {5.0.0.Final}
00:20:18.631 [main] DEBUG o.h.b.j.i.s.LocalXmlResourceResolver - Interpreting public/system identifier : [-//Hibernate/Hibernate Mapping DTD 3.0//EN] - [http://hibernate.sourceforge.net/hibernate-mapping-3.0.dtd]
00:20:18.633 [main] WARN  org.hibernate.orm.deprecation - HHH90000012: Recognized obsolete hibernate namespace http://hibernate.sourceforge.net/hibernate-mapping. Use namespace http://www.hibernate.org/dtd/hibernate-mapping instead.  Support for obsolete DTD/XSD namespaces may be removed at any time.
00:20:18.633 [main] DEBUG o.h.b.j.i.s.LocalXmlResourceResolver - Recognized legacy hibernate-mapping identifier; attempting to resolve on classpath under org/hibernate/
00:20:18.655 [main] DEBUG o.h.boot.jaxb.internal.MappingBinder - Performing JAXB binding of hbm.xml document : Origin(name=mapping/Person.hbm.xml,type=RESOURCE)
00:20:19.519 [main] DEBUG org.hibernate.type.BasicTypeRegistry - Adding type registration boolean -&gt; org.hibernate.type.BooleanType@5b7a7f33
00:20:19.519 [main] DEBUG org.hibernate.type.BasicTypeRegistry - Adding type registration boolean -&gt; org.hibernate.type.BooleanType@5b7a7f33
00:20:19.519 [main] DEBUG org.hibernate.type.BasicTypeRegistry - Adding type registration java.lang.Boolean -&gt; org.hibernate.type.BooleanType@5b7a7f33
00:20:19.520 [main] DEBUG org.hibernate.type.BasicTypeRegistry - Adding type registration numeric_boolean -&gt; org.hibernate.type.NumericBooleanType@4b8d604b
00:20:19.522 [main] DEBUG org.hibernate.type.BasicTypeRegistry - Adding type registration true_false -&gt; org.hibernate.type.TrueFalseType@14fc5f04
00:20:19.522 [main] DEBUG org.hibernate.type.BasicTypeRegistry - Adding type registration yes_no -&gt; org.hibernate.type.YesNoType@6a8658ff
00:20:19.524 [main] DEBUG org.hibernate.type.BasicTypeRegistry - Adding type registration byte -&gt; org.hibernate.type.ByteType@4d14b6c2
00:20:19.524 [main] DEBUG org.hibernate.type.BasicTypeRegistry - Adding type registration byte -&gt; org.hibernate.type.ByteType@4d14b6c2
00:20:19.524 [main] DEBUG org.hibernate.type.BasicTypeRegistry - Adding type registration java.lang.Byte -&gt; org.hibernate.type.ByteType@4d14b6c2
00:20:19.526 [main] DEBUG org.hibernate.type.BasicTypeRegistry - Adding type registration character -&gt; org.hibernate.type.CharacterType@7b4c50bc
00:20:19.526 [main] DEBUG org.hibernate.type.BasicTypeRegistry - Adding type registration char -&gt; org.hibernate.type.CharacterType@7b4c50bc
00:20:19.526 [main] DEBUG org.hibernate.type.BasicTypeRegistry - Adding type registration java.lang.Character -&gt; org.hibernate.type.CharacterType@7b4c50bc
00:20:19.528 [main] DEBUG org.hibernate.type.BasicTypeRegistry - Adding type registration short -&gt; org.hibernate.type.ShortType@7a6d7e92
00:20:19.528 [main] DEBUG org.hibernate.type.BasicTypeRegistry - Adding type registration short -&gt; org.hibernate.type.ShortType@7a6d7e92
00:20:19.528 [main] DEBUG org.hibernate.type.BasicTypeRegistry - Adding type registration java.lang.Short -&gt; org.hibernate.type.ShortType@7a6d7e92
00:20:19.530 [main] DEBUG org.hibernate.type.BasicTypeRegistry - Adding type registration integer -&gt; org.hibernate.type.IntegerType@16150369
00:20:19.530 [main] DEBUG org.hibernate.type.BasicTypeRegistry - Adding type registration int -&gt; org.hibernate.type.IntegerType@16150369
00:20:19.530 [main] DEBUG org.hibernate.type.BasicTypeRegistry - Adding type registration java.lang.Integer -&gt; org.hibernate.type.IntegerType@16150369
00:20:19.533 [main] DEBUG org.hibernate.type.BasicTypeRegistry - Adding type registration long -&gt; org.hibernate.type.LongType@1b1cfb87
00:20:19.533 [main] DEBUG org.hibernate.type.BasicTypeRegistry - Adding type registration long -&gt; org.hibernate.type.LongType@1b1cfb87
00:20:19.533 [main] DEBUG org.hibernate.type.BasicTypeRegistry - Adding type registration java.lang.Long -&gt; org.hibernate.type.LongType@1b1cfb87
00:20:19.534 [main] DEBUG org.hibernate.type.BasicTypeRegistry - Adding type registration float -&gt; org.hibernate.type.FloatType@29d80d2b
00:20:19.535 [main] DEBUG org.hibernate.type.BasicTypeRegistry - Adding type registration float -&gt; org.hibernate.type.FloatType@29d80d2b
00:20:19.535 [main] DEBUG org.hibernate.type.BasicTypeRegistry - Adding type registration java.lang.Float -&gt; org.hibernate.type.FloatType@29d80d2b
00:20:19.536 [main] DEBUG org.hibernate.type.BasicTypeRegistry - Adding type registration double -&gt; org.hibernate.type.DoubleType@7139992f
00:20:19.537 [main] DEBUG org.hibernate.type.BasicTypeRegistry - Adding type registration double -&gt; org.hibernate.type.DoubleType@7139992f
00:20:19.537 [main] DEBUG org.hibernate.type.BasicTypeRegistry - Adding type registration java.lang.Double -&gt; org.hibernate.type.DoubleType@7139992f
00:20:19.538 [main] DEBUG org.hibernate.type.BasicTypeRegistry - Adding type registration big_decimal -&gt; org.hibernate.type.BigDecimalType@5c86a017
00:20:19.538 [main] DEBUG org.hibernate.type.BasicTypeRegistry - Adding type registration java.math.BigDecimal -&gt; org.hibernate.type.BigDecimalType@5c86a017
00:20:19.540 [main] DEBUG org.hibernate.type.BasicTypeRegistry - Adding type registration big_integer -&gt; org.hibernate.type.BigIntegerType@1b919693
00:20:19.540 [main] DEBUG org.hibernate.type.BasicTypeRegistry - Adding type registration java.math.BigInteger -&gt; org.hibernate.type.BigIntegerType@1b919693
00:20:19.540 [main] DEBUG org.hibernate.type.BasicTypeRegistry - Adding type registration string -&gt; org.hibernate.type.StringType@2584b82d
00:20:19.541 [main] DEBUG org.hibernate.type.BasicTypeRegistry - Adding type registration java.lang.String -&gt; org.hibernate.type.StringType@2584b82d
00:20:19.542 [main] DEBUG org.hibernate.type.BasicTypeRegistry - Adding type registration nstring -&gt; org.hibernate.type.StringNVarcharType@626abbd0
00:20:19.542 [main] DEBUG org.hibernate.type.BasicTypeRegistry - Adding type registration ncharacter -&gt; org.hibernate.type.CharacterNCharType@46d59067
00:20:19.543 [main] DEBUG org.hibernate.type.BasicTypeRegistry - Adding type registration url -&gt; org.hibernate.type.UrlType@5dafbe45
00:20:19.543 [main] DEBUG org.hibernate.type.BasicTypeRegistry - Adding type registration java.net.URL -&gt; org.hibernate.type.UrlType@5dafbe45
00:20:19.545 [main] DEBUG org.hibernate.type.BasicTypeRegistry - Adding type registration date -&gt; org.hibernate.type.DateType@38145825
00:20:19.545 [main] DEBUG org.hibernate.type.BasicTypeRegistry - Adding type registration java.sql.Date -&gt; org.hibernate.type.DateType@38145825
00:20:19.546 [main] DEBUG org.hibernate.type.BasicTypeRegistry - Adding type registration time -&gt; org.hibernate.type.TimeType@1e4f4a5c
00:20:19.546 [main] DEBUG org.hibernate.type.BasicTypeRegistry - Adding type registration java.sql.Time -&gt; org.hibernate.type.TimeType@1e4f4a5c
00:20:19.547 [main] DEBUG org.hibernate.type.BasicTypeRegistry - Adding type registration timestamp -&gt; org.hibernate.type.TimestampType@660acfb
00:20:19.548 [main] DEBUG org.hibernate.type.BasicTypeRegistry - Adding type registration java.sql.Timestamp -&gt; org.hibernate.type.TimestampType@660acfb
00:20:19.548 [main] DEBUG org.hibernate.type.BasicTypeRegistry - Adding type registration java.util.Date -&gt; org.hibernate.type.TimestampType@660acfb
00:20:19.549 [main] DEBUG org.hibernate.type.BasicTypeRegistry - Adding type registration dbtimestamp -&gt; org.hibernate.type.DbTimestampType@1f9f6368
00:20:19.550 [main] DEBUG org.hibernate.type.BasicTypeRegistry - Adding type registration calendar -&gt; org.hibernate.type.CalendarType@69ee81fc
00:20:19.550 [main] DEBUG org.hibernate.type.BasicTypeRegistry - Adding type registration java.util.Calendar -&gt; org.hibernate.type.CalendarType@69ee81fc
00:20:19.550 [main] DEBUG org.hibernate.type.BasicTypeRegistry - Adding type registration java.util.GregorianCalendar -&gt; org.hibernate.type.CalendarType@69ee81fc
00:20:19.551 [main] DEBUG org.hibernate.type.BasicTypeRegistry - Adding type registration calendar_date -&gt; org.hibernate.type.CalendarDateType@f58853c
00:20:19.552 [main] DEBUG org.hibernate.type.BasicTypeRegistry - Adding type registration locale -&gt; org.hibernate.type.LocaleType@9816741
00:20:19.553 [main] DEBUG org.hibernate.type.BasicTypeRegistry - Adding type registration java.util.Locale -&gt; org.hibernate.type.LocaleType@9816741
00:20:19.553 [main] DEBUG org.hibernate.type.BasicTypeRegistry - Adding type registration currency -&gt; org.hibernate.type.CurrencyType@2f67a4d3
00:20:19.553 [main] DEBUG org.hibernate.type.BasicTypeRegistry - Adding type registration java.util.Currency -&gt; org.hibernate.type.CurrencyType@2f67a4d3
00:20:19.554 [main] DEBUG org.hibernate.type.BasicTypeRegistry - Adding type registration timezone -&gt; org.hibernate.type.TimeZoneType@415b0b49
00:20:19.554 [main] DEBUG org.hibernate.type.BasicTypeRegistry - Adding type registration java.util.TimeZone -&gt; org.hibernate.type.TimeZoneType@415b0b49
00:20:19.555 [main] DEBUG org.hibernate.type.BasicTypeRegistry - Adding type registration class -&gt; org.hibernate.type.ClassType@21be3395
00:20:19.555 [main] DEBUG org.hibernate.type.BasicTypeRegistry - Adding type registration java.lang.Class -&gt; org.hibernate.type.ClassType@21be3395
00:20:19.557 [main] DEBUG org.hibernate.type.BasicTypeRegistry - Adding type registration uuid-binary -&gt; org.hibernate.type.UUIDBinaryType@13526e59
00:20:19.557 [main] DEBUG org.hibernate.type.BasicTypeRegistry - Adding type registration java.util.UUID -&gt; org.hibernate.type.UUIDBinaryType@13526e59
00:20:19.558 [main] DEBUG org.hibernate.type.BasicTypeRegistry - Adding type registration uuid-char -&gt; org.hibernate.type.UUIDCharType@3bcd05cb
00:20:19.559 [main] DEBUG org.hibernate.type.BasicTypeRegistry - Adding type registration binary -&gt; org.hibernate.type.BinaryType@24959ca4
00:20:19.559 [main] DEBUG org.hibernate.type.BasicTypeRegistry - Adding type registration byte[] -&gt; org.hibernate.type.BinaryType@24959ca4
00:20:19.559 [main] DEBUG org.hibernate.type.BasicTypeRegistry - Adding type registration [B -&gt; org.hibernate.type.BinaryType@24959ca4
00:20:19.560 [main] DEBUG org.hibernate.type.BasicTypeRegistry - Adding type registration wrapper-binary -&gt; org.hibernate.type.WrapperBinaryType@1a5a4e19
00:20:19.560 [main] DEBUG org.hibernate.type.BasicTypeRegistry - Adding type registration Byte[] -&gt; org.hibernate.type.WrapperBinaryType@1a5a4e19
00:20:19.560 [main] DEBUG org.hibernate.type.BasicTypeRegistry - Adding type registration [Ljava.lang.Byte; -&gt; org.hibernate.type.WrapperBinaryType@1a5a4e19
00:20:19.561 [main] DEBUG org.hibernate.type.BasicTypeRegistry - Adding type registration image -&gt; org.hibernate.type.ImageType@41f69e84
00:20:19.562 [main] DEBUG org.hibernate.type.BasicTypeRegistry - Adding type registration characters -&gt; org.hibernate.type.CharArrayType@64b0598
00:20:19.562 [main] DEBUG org.hibernate.type.BasicTypeRegistry - Adding type registration char[] -&gt; org.hibernate.type.CharArrayType@64b0598
00:20:19.562 [main] DEBUG org.hibernate.type.BasicTypeRegistry - Adding type registration [C -&gt; org.hibernate.type.CharArrayType@64b0598
00:20:19.563 [main] DEBUG org.hibernate.type.BasicTypeRegistry - Adding type registration wrapper-characters -&gt; org.hibernate.type.CharacterArrayType@50f6ac94
00:20:19.563 [main] DEBUG org.hibernate.type.BasicTypeRegistry - Adding type registration [Ljava.lang.Character; -&gt; org.hibernate.type.CharacterArrayType@50f6ac94
00:20:19.563 [main] DEBUG org.hibernate.type.BasicTypeRegistry - Adding type registration Character[] -&gt; org.hibernate.type.CharacterArrayType@50f6ac94
00:20:19.564 [main] DEBUG org.hibernate.type.BasicTypeRegistry - Adding type registration text -&gt; org.hibernate.type.TextType@5038d0b5
00:20:19.564 [main] DEBUG org.hibernate.type.BasicTypeRegistry - Adding type registration ntext -&gt; org.hibernate.type.NTextType@45efd90f
00:20:19.567 [main] DEBUG org.hibernate.type.BasicTypeRegistry - Adding type registration blob -&gt; org.hibernate.type.BlobType@4b86805d
00:20:19.567 [main] DEBUG org.hibernate.type.BasicTypeRegistry - Adding type registration java.sql.Blob -&gt; org.hibernate.type.BlobType@4b86805d
00:20:19.568 [main] DEBUG org.hibernate.type.BasicTypeRegistry - Adding type registration materialized_blob -&gt; org.hibernate.type.MaterializedBlobType@9cb8225
00:20:19.570 [main] DEBUG org.hibernate.type.BasicTypeRegistry - Adding type registration clob -&gt; org.hibernate.type.ClobType@1cf56a1c
00:20:19.570 [main] DEBUG org.hibernate.type.BasicTypeRegistry - Adding type registration java.sql.Clob -&gt; org.hibernate.type.ClobType@1cf56a1c
00:20:19.573 [main] DEBUG org.hibernate.type.BasicTypeRegistry - Adding type registration nclob -&gt; org.hibernate.type.NClobType@51bf5add
00:20:19.573 [main] DEBUG org.hibernate.type.BasicTypeRegistry - Adding type registration java.sql.NClob -&gt; org.hibernate.type.NClobType@51bf5add
00:20:19.574 [main] DEBUG org.hibernate.type.BasicTypeRegistry - Adding type registration materialized_clob -&gt; org.hibernate.type.MaterializedClobType@389b0789
00:20:19.575 [main] DEBUG org.hibernate.type.BasicTypeRegistry - Adding type registration materialized_nclob -&gt; org.hibernate.type.MaterializedNClobType@6ca18a14
00:20:19.576 [main] DEBUG org.hibernate.type.BasicTypeRegistry - Adding type registration serializable -&gt; org.hibernate.type.SerializableType@2462cb01
00:20:19.580 [main] DEBUG org.hibernate.type.BasicTypeRegistry - Adding type registration object -&gt; org.hibernate.type.ObjectType@dc9876b
00:20:19.581 [main] DEBUG org.hibernate.type.BasicTypeRegistry - Adding type registration java.lang.Object -&gt; org.hibernate.type.ObjectType@dc9876b
00:20:19.582 [main] DEBUG org.hibernate.type.BasicTypeRegistry - Adding type registration imm_date -&gt; org.hibernate.type.AdaptedImmutableType@a1f72f5
00:20:19.583 [main] DEBUG org.hibernate.type.BasicTypeRegistry - Adding type registration imm_time -&gt; org.hibernate.type.AdaptedImmutableType@4b2c5e02
00:20:19.583 [main] DEBUG org.hibernate.type.BasicTypeRegistry - Adding type registration imm_timestamp -&gt; org.hibernate.type.AdaptedImmutableType@57a3e26a
00:20:19.583 [main] DEBUG org.hibernate.type.BasicTypeRegistry - Adding type registration imm_dbtimestamp -&gt; org.hibernate.type.AdaptedImmutableType@75c56eb9
00:20:19.583 [main] DEBUG org.hibernate.type.BasicTypeRegistry - Adding type registration imm_calendar -&gt; org.hibernate.type.AdaptedImmutableType@4bc222e
00:20:19.584 [main] DEBUG org.hibernate.type.BasicTypeRegistry - Adding type registration imm_calendar_date -&gt; org.hibernate.type.AdaptedImmutableType@2dc9b0f5
00:20:19.586 [main] DEBUG org.hibernate.type.BasicTypeRegistry - Adding type registration imm_binary -&gt; org.hibernate.type.AdaptedImmutableType@6531a794
00:20:19.587 [main] DEBUG org.hibernate.type.BasicTypeRegistry - Adding type registration imm_serializable -&gt; org.hibernate.type.AdaptedImmutableType@3b5fad2d
00:20:19.596 [main] WARN  o.h.e.j.c.i.DriverManagerConnectionProviderImpl - HHH000402: Using Hibernate built-in connection pool (not for production use!)
00:20:19.597 [main] DEBUG o.h.e.j.c.i.DriverManagerConnectionProviderImpl - No driver class specified
00:20:19.597 [main] INFO  o.h.e.j.c.i.DriverManagerConnectionProviderImpl - HHH000401: using driver [null] at URL [jdbc:oracle:thin:@cisc181.canrkwijj6g6.us-east-1.rds.amazonaws.com:1521:ORCL]
00:20:19.597 [main] INFO  o.h.e.j.c.i.DriverManagerConnectionProviderImpl - HHH000046: Connection properties: {user=HartA, password=Cokeisit10}
00:20:19.598 [main] INFO  o.h.e.j.c.i.DriverManagerConnectionProviderImpl - HHH000006: Autocommit mode: false
00:20:19.599 [main] INFO  o.h.e.j.c.i.DriverManagerConnectionProviderImpl - HHH000115: Hibernate connection pool size: 20 (min=1)
00:20:19.599 [main] DEBUG o.h.e.j.c.i.DriverManagerConnectionProviderImpl - Initializing Connection pool with 1 Connections
00:20:20.623 [main] DEBUG o.h.e.j.e.i.JdbcEnvironmentInitiator - Database -&gt;
       name : Oracle
    version : Oracle Database 11g Release 11.2.0.4.0 - 64bit Production
      major : 11
      minor : 2
00:20:20.623 [main] DEBUG o.h.e.j.e.i.JdbcEnvironmentInitiator - Driver -&gt;
       name : Oracle JDBC driver
    version : 11.2.0.3.0
      major : 11
      minor : 2
00:20:20.623 [main] DEBUG o.h.e.j.e.i.JdbcEnvironmentInitiator - JDBC version : 11.2
00:20:20.637 [main] INFO  org.hibernate.dialect.Dialect - HHH000400: Using dialect: org.hibernate.dialect.Oracle10gDialect
00:20:20.647 [main] DEBUG o.h.e.j.c.i.StandardRefCursorSupport - Unexpected error trying to gauge level of JDBC REF_CURSOR support : null
00:20:21.048 [main] DEBUG o.h.i.f.i.DefaultIdentifierGeneratorFactory - Registering IdentifierGenerator strategy [uuid2] -&gt; [org.hibernate.id.UUIDGenerator]
00:20:21.049 [main] DEBUG o.h.i.f.i.DefaultIdentifierGeneratorFactory - Registering IdentifierGenerator strategy [guid] -&gt; [org.hibernate.id.GUIDGenerator]
00:20:21.049 [main] DEBUG o.h.i.f.i.DefaultIdentifierGeneratorFactory - Registering IdentifierGenerator strategy [uuid] -&gt; [org.hibernate.id.UUIDHexGenerator]
00:20:21.049 [main] DEBUG o.h.i.f.i.DefaultIdentifierGeneratorFactory - Registering IdentifierGenerator strategy [uuid.hex] -&gt; [org.hibernate.id.UUIDHexGenerator]
00:20:21.050 [main] DEBUG o.h.i.f.i.DefaultIdentifierGeneratorFactory - Registering IdentifierGenerator strategy [assigned] -&gt; [org.hibernate.id.Assigned]
00:20:21.050 [main] DEBUG o.h.i.f.i.DefaultIdentifierGeneratorFactory - Registering IdentifierGenerator strategy [identity] -&gt; [org.hibernate.id.IdentityGenerator]
00:20:21.050 [main] DEBUG o.h.i.f.i.DefaultIdentifierGeneratorFactory - Registering IdentifierGenerator strategy [select] -&gt; [org.hibernate.id.SelectGenerator]
00:20:21.051 [main] DEBUG o.h.i.f.i.DefaultIdentifierGeneratorFactory - Registering IdentifierGenerator strategy [sequence] -&gt; [org.hibernate.id.enhanced.SequenceStyleGenerator]
00:20:21.052 [main] DEBUG o.h.i.f.i.DefaultIdentifierGeneratorFactory - Registering IdentifierGenerator strategy [seqhilo] -&gt; [org.hibernate.id.SequenceHiLoGenerator]
00:20:21.052 [main] DEBUG o.h.i.f.i.DefaultIdentifierGeneratorFactory - Registering IdentifierGenerator strategy [increment] -&gt; [org.hibernate.id.IncrementGenerator]
00:20:21.053 [main] DEBUG o.h.i.f.i.DefaultIdentifierGeneratorFactory - Registering IdentifierGenerator strategy [foreign] -&gt; [org.hibernate.id.ForeignGenerator]
00:20:21.053 [main] DEBUG o.h.i.f.i.DefaultIdentifierGeneratorFactory - Registering IdentifierGenerator strategy [sequence-identity] -&gt; [org.hibernate.id.SequenceIdentityGenerator]
00:20:21.053 [main] DEBUG o.h.i.f.i.DefaultIdentifierGeneratorFactory - Registering IdentifierGenerator strategy [enhanced-sequence] -&gt; [org.hibernate.id.enhanced.SequenceStyleGenerator]
00:20:21.054 [main] DEBUG o.h.i.f.i.DefaultIdentifierGeneratorFactory - Registering IdentifierGenerator strategy [enhanced-table] -&gt; [org.hibernate.id.enhanced.TableGenerator]
00:20:21.087 [main] DEBUG o.h.boot.model.relational.Namespace - Created database namespace [logicalName=Name{catalog=null, schema=HartA}, physicalName=Name{catalog=null, schema=HartA}]
00:20:21.108 [main] DEBUG o.h.b.m.s.internal.hbm.ModelBinder - Mapping class: domain.PersonDomainModel -&gt; per
00:20:21.115 [main] DEBUG o.h.b.m.s.internal.hbm.ModelBinder - Mapped property: PersonID -&gt; [PersonID]
00:20:21.117 [main] DEBUG o.h.b.m.s.internal.hbm.ModelBinder - Mapped property: firstName -&gt; [firstName]
00:20:21.118 [main] DEBUG o.h.b.m.s.internal.hbm.ModelBinder - Mapped property: middleName -&gt; [middleName]
00:20:21.118 [main] DEBUG o.h.b.m.s.internal.hbm.ModelBinder - Mapped property: lastName -&gt; [lastName]
00:20:21.118 [main] DEBUG o.h.b.m.s.internal.hbm.ModelBinder - Mapped property: street -&gt; [street]
00:20:21.118 [main] DEBUG o.h.b.m.s.internal.hbm.ModelBinder - Mapped property: postalCode -&gt; [postalCode]
00:20:21.118 [main] DEBUG o.h.b.m.s.internal.hbm.ModelBinder - Mapped property: city -&gt; [city]
00:20:21.118 [main] DEBUG o.h.b.m.s.internal.hbm.ModelBinder - Mapped property: birthday -&gt; [birthday]
00:20:21.142 [main] DEBUG o.h.internal.SessionFactoryImpl - Building session factory
00:20:21.143 [main] DEBUG org.hibernate.cfg.Settings - SessionFactory name : null
00:20:21.143 [main] DEBUG org.hibernate.cfg.Settings - Automatic flush during beforeCompletion(): disabled
00:20:21.143 [main] DEBUG org.hibernate.cfg.Settings - Automatic session close at end of transaction: disabled
00:20:21.144 [main] DEBUG org.hibernate.cfg.Settings - Statistics: disabled
00:20:21.144 [main] DEBUG org.hibernate.cfg.Settings - Deleted entity synthetic identifier rollback: disabled
00:20:21.144 [main] DEBUG org.hibernate.cfg.Settings - Default entity-mode: pojo
00:20:21.144 [main] DEBUG org.hibernate.cfg.Settings - Check Nullability in Core (should be disabled when Bean Validation is on): enabled
00:20:21.144 [main] DEBUG org.hibernate.cfg.Settings - Allow initialization of lazy state outside session : disabled
00:20:21.144 [main] DEBUG org.hibernate.cfg.Settings - Using BatchFetchStyle : LEGACY
00:20:21.144 [main] DEBUG org.hibernate.cfg.Settings - Default batch fetch size: -1
00:20:21.144 [main] DEBUG org.hibernate.cfg.Settings - Maximum outer join fetch depth: null
00:20:21.144 [main] DEBUG org.hibernate.cfg.Settings - Default null ordering: NONE
00:20:21.144 [main] DEBUG org.hibernate.cfg.Settings - Order SQL updates by primary key: disabled
00:20:21.144 [main] DEBUG org.hibernate.cfg.Settings - Order SQL inserts for batching: disabled
00:20:21.145 [main] DEBUG org.hibernate.cfg.Settings - multi-tenancy strategy : NONE
00:20:21.145 [main] DEBUG org.hibernate.cfg.Settings - JTA Track by Thread: enabled
00:20:21.145 [main] DEBUG org.hibernate.cfg.Settings - Query language substitutions: {}
00:20:21.145 [main] DEBUG org.hibernate.cfg.Settings - JPA query language strict compliance: disabled
00:20:21.145 [main] DEBUG org.hibernate.cfg.Settings - Named query checking : enabled
00:20:21.145 [main] DEBUG org.hibernate.cfg.Settings - Second-level cache: enabled
00:20:21.145 [main] DEBUG org.hibernate.cfg.Settings - Second-level query cache: disabled
00:20:21.145 [main] DEBUG org.hibernate.cfg.Settings - Second-level query cache factory: org.hibernate.cache.internal.StandardQueryCacheFactory@788fcafb
00:20:21.145 [main] DEBUG org.hibernate.cfg.Settings - Second-level cache region prefix: null
00:20:21.145 [main] DEBUG org.hibernate.cfg.Settings - Optimize second-level cache for minimal puts: disabled
00:20:21.145 [main] DEBUG org.hibernate.cfg.Settings - Structured second-level cache entries: disabled
00:20:21.145 [main] DEBUG org.hibernate.cfg.Settings - Second-level cache direct-reference entries: disabled
00:20:21.145 [main] DEBUG org.hibernate.cfg.Settings - Automatic eviction of collection cache: disabled
00:20:21.146 [main] DEBUG org.hibernate.cfg.Settings - JDBC batch size: 15
00:20:21.146 [main] DEBUG org.hibernate.cfg.Settings - JDBC batch updates for versioned data: disabled
00:20:21.146 [main] DEBUG org.hibernate.cfg.Settings - Scrollable result sets: enabled
00:20:21.146 [main] DEBUG org.hibernate.cfg.Settings - Wrap result sets: disabled
00:20:21.146 [main] DEBUG org.hibernate.cfg.Settings - JDBC3 getGeneratedKeys(): disabled
00:20:21.146 [main] DEBUG org.hibernate.cfg.Settings - JDBC result set fetch size: null
00:20:21.146 [main] DEBUG org.hibernate.cfg.Settings - Connection release mode: ON_CLOSE
00:20:21.146 [main] DEBUG org.hibernate.cfg.Settings - Generate SQL with comments: disabled
00:20:21.185 [main] DEBUG o.h.internal.SessionFactoryImpl - Session factory constructed with filter configurations : {}
00:20:21.185 [main] DEBUG o.h.internal.SessionFactoryImpl - Instantiating session factory with properties: {hibernate.connection.password=Cokeisit10, java.runtime.name=Java(TM) SE Runtime Environment, java.vm.version=25.101-b13, hibernate.default_schema=HartA, sun.boot.library.path=/Library/Java/JavaVirtualMachines/jdk1.8.0_101.jdk/Contents/Home/jre/lib, hibernate.connection.username=HartA, hibernate.boot.CfgXmlAccessService.key=org.hibernate.boot.cfgxml.spi.LoadedConfig@7b64240d, gopherProxySet=false, java.vm.vendor=Oracle Corporation, java.vendor.url=http://java.oracle.com/, path.separator=:, java.vm.name=Java HotSpot(TM) 64-Bit Server VM, file.encoding.pkg=sun.io, sun.os.patch.level=unknown, user.country=US, sun.java.launcher=SUN_STANDARD, java.vm.specification.name=Java Virtual Machine Specification, user.dir=/Users/alexhart/git/PS6Starter/PS6_DAL, java.runtime.version=1.8.0_101-b13, java.awt.graphicsenv=sun.awt.CGraphicsEnvironment, basedir=/Users/alexhart/git/PS6Starter/PS6_DAL, os.arch=x86_64, java.endorsed.dirs=/Library/Java/JavaVirtualMachines/jdk1.8.0_101.jdk/Contents/Home/jre/lib/endorsed, surefire.real.class.path=/Users/alexhart/git/PS6Starter/PS6_DAL/target/surefire/surefirebooter707646475995516110.jar, java.io.tmpdir=/var/folders/xl/d1vq23rs1254rv6w0r1x75vw0000gn/T/, line.separator=
, java.vm.specification.vendor=Oracle Corporation, os.name=Mac OS X, sun.jnu.encoding=UTF-8, java.library.path=/Users/alexhart/Library/Java/Extensions:/Library/Java/Extensions:/Network/Library/Java/Extensions:/System/Library/Java/Extensions:/usr/lib/java:., surefire.test.class.path=/Users/alexhart/git/PS6Starter/PS6_DAL/target/test-classes:/Users/alexhart/git/PS6Starter/PS6_DAL/target/classes:/Users/alexhart/.m2/repository/org/springframework/spring-context/3.2.3.RELEASE/spring-context-3.2.3.RELEASE.jar:/Users/alexhart/.m2/repository/org/springframework/spring-aop/3.2.3.RELEASE/spring-aop-3.2.3.RELEASE.jar:/Users/alexhart/.m2/repository/org/springframework/spring-beans/3.2.3.RELEASE/spring-beans-3.2.3.RELEASE.jar:/Users/alexhart/.m2/repository/org/springframework/spring-core/3.2.3.RELEASE/spring-core-3.2.3.RELEASE.jar:/Users/alexhart/.m2/repository/commons-logging/commons-logging/1.1.1/commons-logging-1.1.1.jar:/Users/alexhart/.m2/repository/org/springframework/spring-expression/3.2.3.RELEASE/spring-expression-3.2.3.RELEASE.jar:/Users/alexhart/.m2/repository/org/springframework/spring-tx/3.2.3.RELEASE/spring-tx-3.2.3.RELEASE.jar:/Users/alexhart/.m2/repository/aopalliance/aopalliance/1.0/aopalliance-1.0.jar:/Users/alexhart/.m2/repository/org/slf4j/slf4j-api/1.7.5/slf4j-api-1.7.5.jar:/Users/alexhart/.m2/repository/ch/qos/logback/logback-classic/1.0.13/logback-classic-1.0.13.jar:/Users/alexhart/.m2/repository/ch/qos/logback/logback-core/1.0.13/logback-core-1.0.13.jar:/Users/alexhart/.m2/repository/org/hibernate/hibernate-entitymanager/5.0.2.Final/hibernate-entitymanager-5.0.2.Final.jar:/Users/alexhart/.m2/repository/org/jboss/logging/jboss-logging/3.3.0.Final/jboss-logging-3.3.0.Final.jar:/Users/alexhart/.m2/repository/org/hibernate/hibernate-core/5.0.2.Final/hibernate-core-5.0.2.Final.jar:/Users/alexhart/.m2/repository/antlr/antlr/2.7.7/antlr-2.7.7.jar:/Users/alexhart/.m2/repository/org/jboss/jandex/1.2.2.Final/jandex-1.2.2.Final.jar:/Users/alexhart/.m2/repository/dom4j/dom4j/1.6.1/dom4j-1.6.1.jar:/Users/alexhart/.m2/repository/xml-apis/xml-apis/1.0.b2/xml-apis-1.0.b2.jar:/Users/alexhart/.m2/repository/org/hibernate/common/hibernate-commons-annotations/5.0.0.Final/hibernate-commons-annotations-5.0.0.Final.jar:/Users/alexhart/.m2/repository/org/hibernate/javax/persistence/hibernate-jpa-2.1-api/1.0.0.Final/hibernate-jpa-2.1-api-1.0.0.Final.jar:/Users/alexhart/.m2/repository/org/apache/geronimo/specs/geronimo-jta_1.1_spec/1.1.1/geronimo-jta_1.1_spec-1.1.1.jar:/Users/alexhart/.m2/repository/org/javassist/javassist/3.18.1-GA/javassist-3.18.1-GA.jar:/Users/alexhart/.m2/repository/org/springframework/spring-test/3.2.3.RELEASE/spring-test-3.2.3.RELEASE.jar:/Users/alexhart/.m2/repository/junit/junit/4.11/junit-4.11.jar:/Users/alexhart/.m2/repository/org/hamcrest/hamcrest-core/1.3/hamcrest-core-1.3.jar:/Users/alexhart/.m2/repository/com/oracle/ojdbc6/11.2.0.3/ojdbc6-11.2.0.3.jar:, java.class.version=52.0, java.specification.name=Java Platform API Specification, sun.management.compiler=HotSpot 64-Bit Tiered Compilers, os.version=10.11.5, http.nonProxyHosts=local|*.local|169.254/16|*.169.254/16, user.home=/Users/alexhart, user.timezone=America/New_York, java.awt.printerjob=sun.lwawt.macosx.CPrinterJob, file.encoding=UTF-8, java.specification.version=1.8, hibernate.format_sql=true, show_sql=true, user.name=alexhart, java.class.path=/Users/alexhart/git/PS6Starter/PS6_DAL/target/test-classes:/Users/alexhart/git/PS6Starter/PS6_DAL/target/classes:/Users/alexhart/.m2/repository/org/springframework/spring-context/3.2.3.RELEASE/spring-context-3.2.3.RELEASE.jar:/Users/alexhart/.m2/repository/org/springframework/spring-aop/3.2.3.RELEASE/spring-aop-3.2.3.RELEASE.jar:/Users/alexhart/.m2/repository/org/springframework/spring-beans/3.2.3.RELEASE/spring-beans-3.2.3.RELEASE.jar:/Users/alexhart/.m2/repository/org/springframework/spring-core/3.2.3.RELEASE/spring-core-3.2.3.RELEASE.jar:/Users/alexhart/.m2/repository/commons-logging/commons-logging/1.1.1/commons-logging-1.1.1.jar:/Users/alexhart/.m2/repository/org/springframework/spring-expression/3.2.3.RELEASE/spring-expression-3.2.3.RELEASE.jar:/Users/alexhart/.m2/repository/org/springframework/spring-tx/3.2.3.RELEASE/spring-tx-3.2.3.RELEASE.jar:/Users/alexhart/.m2/repository/aopalliance/aopalliance/1.0/aopalliance-1.0.jar:/Users/alexhart/.m2/repository/org/slf4j/slf4j-api/1.7.5/slf4j-api-1.7.5.jar:/Users/alexhart/.m2/repository/ch/qos/logback/logback-classic/1.0.13/logback-classic-1.0.13.jar:/Users/alexhart/.m2/repository/ch/qos/logback/logback-core/1.0.13/logback-core-1.0.13.jar:/Users/alexhart/.m2/repository/org/hibernate/hibernate-entitymanager/5.0.2.Final/hibernate-entitymanager-5.0.2.Final.jar:/Users/alexhart/.m2/repository/org/jboss/logging/jboss-logging/3.3.0.Final/jboss-logging-3.3.0.Final.jar:/Users/alexhart/.m2/repository/org/hibernate/hibernate-core/5.0.2.Final/hibernate-core-5.0.2.Final.jar:/Users/alexhart/.m2/repository/antlr/antlr/2.7.7/antlr-2.7.7.jar:/Users/alexhart/.m2/repository/org/jboss/jandex/1.2.2.Final/jandex-1.2.2.Final.jar:/Users/alexhart/.m2/repository/dom4j/dom4j/1.6.1/dom4j-1.6.1.jar:/Users/alexhart/.m2/repository/xml-apis/xml-apis/1.0.b2/xml-apis-1.0.b2.jar:/Users/alexhart/.m2/repository/org/hibernate/common/hibernate-commons-annotations/5.0.0.Final/hibernate-commons-annotations-5.0.0.Final.jar:/Users/alexhart/.m2/repository/org/hibernate/javax/persistence/hibernate-jpa-2.1-api/1.0.0.Final/hibernate-jpa-2.1-api-1.0.0.Final.jar:/Users/alexhart/.m2/repository/org/apache/geronimo/specs/geronimo-jta_1.1_spec/1.1.1/geronimo-jta_1.1_spec-1.1.1.jar:/Users/alexhart/.m2/repository/org/javassist/javassist/3.18.1-GA/javassist-3.18.1-GA.jar:/Users/alexhart/.m2/repository/org/springframework/spring-test/3.2.3.RELEASE/spring-test-3.2.3.RELEASE.jar:/Users/alexhart/.m2/repository/junit/junit/4.11/junit-4.11.jar:/Users/alexhart/.m2/repository/org/hamcrest/hamcrest-core/1.3/hamcrest-core-1.3.jar:/Users/alexhart/.m2/repository/com/oracle/ojdbc6/11.2.0.3/ojdbc6-11.2.0.3.jar:, hibernate.bytecode.use_reflection_optimizer=false, format_sql=true, hibernate.show_sql=true, java.vm.specification.version=1.8, sun.arch.data.model=64, sun.java.command=/Users/alexhart/git/PS6Starter/PS6_DAL/target/surefire/surefirebooter707646475995516110.jar /Users/alexhart/git/PS6Starter/PS6_DAL/target/surefire/surefire8233545677933063353tmp /Users/alexhart/git/PS6Starter/PS6_DAL/target/surefire/surefire_06675720369931401749tmp, java.home=/Library/Java/JavaVirtualMachines/jdk1.8.0_101.jdk/Contents/Home/jre, hibernate.connection.url=jdbc:oracle:thin:@cisc181.canrkwijj6g6.us-east-1.rds.amazonaws.com:1521:ORCL, hibernate.dialect=org.hibernate.dialect.Oracle10gDialect, user.language=en, java.specification.vendor=Oracle Corporation, awt.toolkit=sun.lwawt.macosx.LWCToolkit, java.vm.info=mixed mode, java.version=1.8.0_101, java.ext.dirs=/Users/alexhart/Library/Java/Extensions:/Library/Java/JavaVirtualMachines/jdk1.8.0_101.jdk/Contents/Home/jre/lib/ext:/Library/Java/Extensions:/Network/Library/Java/Extensions:/System/Library/Java/Extensions:/usr/lib/java, sun.boot.class.path=/Library/Java/JavaVirtualMachines/jdk1.8.0_101.jdk/Contents/Home/jre/lib/resources.jar:/Library/Java/JavaVirtualMachines/jdk1.8.0_101.jdk/Contents/Home/jre/lib/rt.jar:/Library/Java/JavaVirtualMachines/jdk1.8.0_101.jdk/Contents/Home/jre/lib/sunrsasign.jar:/Library/Java/JavaVirtualMachines/jdk1.8.0_101.jdk/Contents/Home/jre/lib/jsse.jar:/Library/Java/JavaVirtualMachines/jdk1.8.0_101.jdk/Contents/Home/jre/lib/jce.jar:/Library/Java/JavaVirtualMachines/jdk1.8.0_101.jdk/Contents/Home/jre/lib/charsets.jar:/Library/Java/JavaVirtualMachines/jdk1.8.0_101.jdk/Contents/Home/jre/lib/jfr.jar:/Library/Java/JavaVirtualMachines/jdk1.8.0_101.jdk/Contents/Home/jre/classes, java.vendor=Oracle Corporation, localRepository=/Users/alexhart/.m2/repository, file.separator=/, java.vendor.url.bug=http://bugreport.sun.com/bugreport/, hibernate.hbm2ddl.auto=update, sun.io.unicode.encoding=UnicodeBig, sun.cpu.endian=little, socksNonProxyHosts=local|*.local|169.254/16|*.169.254/16, ftp.nonProxyHosts=local|*.local|169.254/16|*.169.254/16, sun.cpu.isalist=}
00:20:21.195 [main] DEBUG o.h.secure.spi.JaccIntegrator - Skipping JACC integration as it was not enabled
00:20:21.222 [main] DEBUG o.h.b.internal.ClassLoaderAccessImpl - Not known whether passed class name [domain.PersonDomainModel] is safe
00:20:21.222 [main] DEBUG o.h.b.internal.ClassLoaderAccessImpl - No temp ClassLoader provided; using live ClassLoader for loading potentially unsafe class : domain.PersonDomainModel
00:20:21.238 [main] DEBUG o.h.b.internal.ClassLoaderAccessImpl - Not known whether passed class name [domain.PersonDomainModel] is safe
00:20:21.238 [main] DEBUG o.h.b.internal.ClassLoaderAccessImpl - No temp ClassLoader provided; using live ClassLoader for loading potentially unsafe class : domain.PersonDomainModel
00:20:21.342 [main] DEBUG o.h.p.entity.AbstractEntityPersister - Static SQL for entity: domain.PersonDomainModel
00:20:21.343 [main] DEBUG o.h.p.entity.AbstractEntityPersister -  Version select: select PersonID from HartA.per where PersonID =?
00:20:21.343 [main] DEBUG o.h.p.entity.AbstractEntityPersister -  Snapshot select: select persondoma_.PersonID, persondoma_.firstName as firstName2_0_, persondoma_.middleName as middleName3_0_, persondoma_.lastName as lastName4_0_, persondoma_.street as street5_0_, persondoma_.postalCode as postalCode6_0_, persondoma_.city as city7_0_, persondoma_.birthday as birthday8_0_ from HartA.per persondoma_ where persondoma_.PersonID=?
00:20:21.343 [main] DEBUG o.h.p.entity.AbstractEntityPersister -  Insert 0: insert into HartA.per (firstName, middleName, lastName, street, postalCode, city, birthday, PersonID) values (?, ?, ?, ?, ?, ?, ?, ?)
00:20:21.343 [main] DEBUG o.h.p.entity.AbstractEntityPersister -  Update 0: update HartA.per set firstName=?, middleName=?, lastName=?, street=?, postalCode=?, city=?, birthday=? where PersonID=?
00:20:21.344 [main] DEBUG o.h.p.entity.AbstractEntityPersister -  Delete 0: delete from HartA.per where PersonID=?
00:20:21.364 [main] DEBUG o.h.l.p.b.i.spaces.QuerySpacesImpl - Adding QuerySpace : uid = &lt;gen:0&gt; -&gt; org.hibernate.loader.plan.build.internal.spaces.EntityQuerySpaceImpl@77cf3f8b]
00:20:21.365 [main] DEBUG o.h.p.w.spi.MetamodelGraphWalker - Visiting attribute path : firstName
00:20:21.365 [main] DEBUG o.h.p.w.spi.MetamodelGraphWalker - Visiting attribute path : middleName
00:20:21.365 [main] DEBUG o.h.p.w.spi.MetamodelGraphWalker - Visiting attribute path : lastName
00:20:21.366 [main] DEBUG o.h.p.w.spi.MetamodelGraphWalker - Visiting attribute path : street
00:20:21.366 [main] DEBUG o.h.p.w.spi.MetamodelGraphWalker - Visiting attribute path : postalCode
00:20:21.366 [main] DEBUG o.h.p.w.spi.MetamodelGraphWalker - Visiting attribute path : city
00:20:21.366 [main] DEBUG o.h.p.w.spi.MetamodelGraphWalker - Visiting attribute path : birthday
00:20:21.366 [main] DEBUG o.h.l.p.b.i.FetchStyleLoadPlanBuildingAssociationVisitationStrategy - Building LoadPlan...
00:20:21.376 [main] DEBUG o.h.l.p.e.i.LoadQueryJoinAndFetchProcessor - processing queryspace &lt;gen:0&gt;
00:20:21.379 [main] DEBUG o.h.l.p.b.spi.LoadPlanTreePrinter - LoadPlan(entity=domain.PersonDomainModel)
    - Returns
       - EntityReturnImpl(entity=domain.PersonDomainModel, querySpaceUid=&lt;gen:0&gt;, path=domain.PersonDomainModel)
    - QuerySpaces
       - EntityQuerySpaceImpl(uid=&lt;gen:0&gt;, entity=domain.PersonDomainModel)
          - SQL table alias mapping - persondoma0_
          - alias suffix - 0_
          - suffixed key columns - {PersonID1_0_0_}

00:20:21.381 [main] DEBUG o.h.loader.entity.plan.EntityLoader - Static select for entity domain.PersonDomainModel [NONE]: select persondoma0_.PersonID as PersonID1_0_0_, persondoma0_.firstName as firstName2_0_0_, persondoma0_.middleName as middleName3_0_0_, persondoma0_.lastName as lastName4_0_0_, persondoma0_.street as street5_0_0_, persondoma0_.postalCode as postalCode6_0_0_, persondoma0_.city as city7_0_0_, persondoma0_.birthday as birthday8_0_0_ from HartA.per persondoma0_ where persondoma0_.PersonID=?
00:20:21.381 [main] DEBUG o.h.l.p.b.i.spaces.QuerySpacesImpl - Adding QuerySpace : uid = &lt;gen:0&gt; -&gt; org.hibernate.loader.plan.build.internal.spaces.EntityQuerySpaceImpl@4fbdc0f0]
00:20:21.381 [main] DEBUG o.h.p.w.spi.MetamodelGraphWalker - Visiting attribute path : firstName
00:20:21.382 [main] DEBUG o.h.p.w.spi.MetamodelGraphWalker - Visiting attribute path : middleName
00:20:21.382 [main] DEBUG o.h.p.w.spi.MetamodelGraphWalker - Visiting attribute path : lastName
00:20:21.382 [main] DEBUG o.h.p.w.spi.MetamodelGraphWalker - Visiting attribute path : street
00:20:21.382 [main] DEBUG o.h.p.w.spi.MetamodelGraphWalker - Visiting attribute path : postalCode
00:20:21.382 [main] DEBUG o.h.p.w.spi.MetamodelGraphWalker - Visiting attribute path : city
00:20:21.382 [main] DEBUG o.h.p.w.spi.MetamodelGraphWalker - Visiting attribute path : birthday
00:20:21.382 [main] DEBUG o.h.l.p.b.i.FetchStyleLoadPlanBuildingAssociationVisitationStrategy - Building LoadPlan...
00:20:21.383 [main] DEBUG o.h.l.p.e.i.LoadQueryJoinAndFetchProcessor - processing queryspace &lt;gen:0&gt;
00:20:21.383 [main] DEBUG o.h.l.p.b.spi.LoadPlanTreePrinter - LoadPlan(entity=domain.PersonDomainModel)
    - Returns
       - EntityReturnImpl(entity=domain.PersonDomainModel, querySpaceUid=&lt;gen:0&gt;, path=domain.PersonDomainModel)
    - QuerySpaces
       - EntityQuerySpaceImpl(uid=&lt;gen:0&gt;, entity=domain.PersonDomainModel)
          - SQL table alias mapping - persondoma0_
          - alias suffix - 0_
          - suffixed key columns - {PersonID1_0_0_}

00:20:21.383 [main] DEBUG o.h.loader.entity.plan.EntityLoader - Static select for entity domain.PersonDomainModel [READ]: select persondoma0_.PersonID as PersonID1_0_0_, persondoma0_.firstName as firstName2_0_0_, persondoma0_.middleName as middleName3_0_0_, persondoma0_.lastName as lastName4_0_0_, persondoma0_.street as street5_0_0_, persondoma0_.postalCode as postalCode6_0_0_, persondoma0_.city as city7_0_0_, persondoma0_.birthday as birthday8_0_0_ from HartA.per persondoma0_ where persondoma0_.PersonID=?
00:20:21.384 [main] DEBUG o.h.l.p.b.i.spaces.QuerySpacesImpl - Adding QuerySpace : uid = &lt;gen:0&gt; -&gt; org.hibernate.loader.plan.build.internal.spaces.EntityQuerySpaceImpl@6bc28a83]
00:20:21.384 [main] DEBUG o.h.p.w.spi.MetamodelGraphWalker - Visiting attribute path : firstName
00:20:21.384 [main] DEBUG o.h.p.w.spi.MetamodelGraphWalker - Visiting attribute path : middleName
00:20:21.384 [main] DEBUG o.h.p.w.spi.MetamodelGraphWalker - Visiting attribute path : lastName
00:20:21.384 [main] DEBUG o.h.p.w.spi.MetamodelGraphWalker - Visiting attribute path : street
00:20:21.384 [main] DEBUG o.h.p.w.spi.MetamodelGraphWalker - Visiting attribute path : postalCode
00:20:21.384 [main] DEBUG o.h.p.w.spi.MetamodelGraphWalker - Visiting attribute path : city
00:20:21.384 [main] DEBUG o.h.p.w.spi.MetamodelGraphWalker - Visiting attribute path : birthday
00:20:21.384 [main] DEBUG o.h.l.p.b.i.FetchStyleLoadPlanBuildingAssociationVisitationStrategy - Building LoadPlan...
00:20:21.385 [main] DEBUG o.h.l.p.e.i.LoadQueryJoinAndFetchProcessor - processing queryspace &lt;gen:0&gt;
00:20:21.385 [main] DEBUG o.h.l.p.b.spi.LoadPlanTreePrinter - LoadPlan(entity=domain.PersonDomainModel)
    - Returns
       - EntityReturnImpl(entity=domain.PersonDomainModel, querySpaceUid=&lt;gen:0&gt;, path=domain.PersonDomainModel)
    - QuerySpaces
       - EntityQuerySpaceImpl(uid=&lt;gen:0&gt;, entity=domain.PersonDomainModel)
          - SQL table alias mapping - persondoma0_
          - alias suffix - 0_
          - suffixed key columns - {PersonID1_0_0_}

00:20:21.385 [main] DEBUG o.h.loader.entity.plan.EntityLoader - Static select for entity domain.PersonDomainModel [UPGRADE]: select persondoma0_.PersonID as PersonID1_0_0_, persondoma0_.firstName as firstName2_0_0_, persondoma0_.middleName as middleName3_0_0_, persondoma0_.lastName as lastName4_0_0_, persondoma0_.street as street5_0_0_, persondoma0_.postalCode as postalCode6_0_0_, persondoma0_.city as city7_0_0_, persondoma0_.birthday as birthday8_0_0_ from HartA.per persondoma0_ where persondoma0_.PersonID=? for update
00:20:21.386 [main] DEBUG o.h.l.p.b.i.spaces.QuerySpacesImpl - Adding QuerySpace : uid = &lt;gen:0&gt; -&gt; org.hibernate.loader.plan.build.internal.spaces.EntityQuerySpaceImpl@13579834]
00:20:21.386 [main] DEBUG o.h.p.w.spi.MetamodelGraphWalker - Visiting attribute path : firstName
00:20:21.386 [main] DEBUG o.h.p.w.spi.MetamodelGraphWalker - Visiting attribute path : middleName
00:20:21.386 [main] DEBUG o.h.p.w.spi.MetamodelGraphWalker - Visiting attribute path : lastName
00:20:21.386 [main] DEBUG o.h.p.w.spi.MetamodelGraphWalker - Visiting attribute path : street
00:20:21.387 [main] DEBUG o.h.p.w.spi.MetamodelGraphWalker - Visiting attribute path : postalCode
00:20:21.387 [main] DEBUG o.h.p.w.spi.MetamodelGraphWalker - Visiting attribute path : city
00:20:21.387 [main] DEBUG o.h.p.w.spi.MetamodelGraphWalker - Visiting attribute path : birthday
00:20:21.387 [main] DEBUG o.h.l.p.b.i.FetchStyleLoadPlanBuildingAssociationVisitationStrategy - Building LoadPlan...
00:20:21.388 [main] DEBUG o.h.l.p.e.i.LoadQueryJoinAndFetchProcessor - processing queryspace &lt;gen:0&gt;
00:20:21.388 [main] DEBUG o.h.l.p.b.spi.LoadPlanTreePrinter - LoadPlan(entity=domain.PersonDomainModel)
    - Returns
       - EntityReturnImpl(entity=domain.PersonDomainModel, querySpaceUid=&lt;gen:0&gt;, path=domain.PersonDomainModel)
    - QuerySpaces
       - EntityQuerySpaceImpl(uid=&lt;gen:0&gt;, entity=domain.PersonDomainModel)
          - SQL table alias mapping - persondoma0_
          - alias suffix - 0_
          - suffixed key columns - {PersonID1_0_0_}

00:20:21.388 [main] DEBUG o.h.loader.entity.plan.EntityLoader - Static select for entity domain.PersonDomainModel [UPGRADE_NOWAIT]: select persondoma0_.PersonID as PersonID1_0_0_, persondoma0_.firstName as firstName2_0_0_, persondoma0_.middleName as middleName3_0_0_, persondoma0_.lastName as lastName4_0_0_, persondoma0_.street as street5_0_0_, persondoma0_.postalCode as postalCode6_0_0_, persondoma0_.city as city7_0_0_, persondoma0_.birthday as birthday8_0_0_ from HartA.per persondoma0_ where persondoma0_.PersonID=? for update nowait
00:20:21.389 [main] DEBUG o.h.l.p.b.i.spaces.QuerySpacesImpl - Adding QuerySpace : uid = &lt;gen:0&gt; -&gt; org.hibernate.loader.plan.build.internal.spaces.EntityQuerySpaceImpl@5bd73d1a]
00:20:21.389 [main] DEBUG o.h.p.w.spi.MetamodelGraphWalker - Visiting attribute path : firstName
00:20:21.389 [main] DEBUG o.h.p.w.spi.MetamodelGraphWalker - Visiting attribute path : middleName
00:20:21.389 [main] DEBUG o.h.p.w.spi.MetamodelGraphWalker - Visiting attribute path : lastName
00:20:21.389 [main] DEBUG o.h.p.w.spi.MetamodelGraphWalker - Visiting attribute path : street
00:20:21.389 [main] DEBUG o.h.p.w.spi.MetamodelGraphWalker - Visiting attribute path : postalCode
00:20:21.390 [main] DEBUG o.h.p.w.spi.MetamodelGraphWalker - Visiting attribute path : city
00:20:21.390 [main] DEBUG o.h.p.w.spi.MetamodelGraphWalker - Visiting attribute path : birthday
00:20:21.391 [main] DEBUG o.h.l.p.b.i.FetchStyleLoadPlanBuildingAssociationVisitationStrategy - Building LoadPlan...
00:20:21.391 [main] DEBUG o.h.l.p.e.i.LoadQueryJoinAndFetchProcessor - processing queryspace &lt;gen:0&gt;
00:20:21.392 [main] DEBUG o.h.l.p.b.spi.LoadPlanTreePrinter - LoadPlan(entity=domain.PersonDomainModel)
    - Returns
       - EntityReturnImpl(entity=domain.PersonDomainModel, querySpaceUid=&lt;gen:0&gt;, path=domain.PersonDomainModel)
    - QuerySpaces
       - EntityQuerySpaceImpl(uid=&lt;gen:0&gt;, entity=domain.PersonDomainModel)
          - SQL table alias mapping - persondoma0_
          - alias suffix - 0_
          - suffixed key columns - {PersonID1_0_0_}

00:20:21.392 [main] DEBUG o.h.loader.entity.plan.EntityLoader - Static select for entity domain.PersonDomainModel [UPGRADE_SKIPLOCKED]: select persondoma0_.PersonID as PersonID1_0_0_, persondoma0_.firstName as firstName2_0_0_, persondoma0_.middleName as middleName3_0_0_, persondoma0_.lastName as lastName4_0_0_, persondoma0_.street as street5_0_0_, persondoma0_.postalCode as postalCode6_0_0_, persondoma0_.city as city7_0_0_, persondoma0_.birthday as birthday8_0_0_ from HartA.per persondoma0_ where persondoma0_.PersonID=? for update skip locked
00:20:21.392 [main] DEBUG o.h.l.p.b.i.spaces.QuerySpacesImpl - Adding QuerySpace : uid = &lt;gen:0&gt; -&gt; org.hibernate.loader.plan.build.internal.spaces.EntityQuerySpaceImpl@2555fff0]
00:20:21.392 [main] DEBUG o.h.p.w.spi.MetamodelGraphWalker - Visiting attribute path : firstName
00:20:21.392 [main] DEBUG o.h.p.w.spi.MetamodelGraphWalker - Visiting attribute path : middleName
00:20:21.392 [main] DEBUG o.h.p.w.spi.MetamodelGraphWalker - Visiting attribute path : lastName
00:20:21.392 [main] DEBUG o.h.p.w.spi.MetamodelGraphWalker - Visiting attribute path : street
00:20:21.393 [main] DEBUG o.h.p.w.spi.MetamodelGraphWalker - Visiting attribute path : postalCode
00:20:21.393 [main] DEBUG o.h.p.w.spi.MetamodelGraphWalker - Visiting attribute path : city
00:20:21.393 [main] DEBUG o.h.p.w.spi.MetamodelGraphWalker - Visiting attribute path : birthday
00:20:21.393 [main] DEBUG o.h.l.p.b.i.FetchStyleLoadPlanBuildingAssociationVisitationStrategy - Building LoadPlan...
00:20:21.393 [main] DEBUG o.h.l.p.e.i.LoadQueryJoinAndFetchProcessor - processing queryspace &lt;gen:0&gt;
00:20:21.393 [main] DEBUG o.h.l.p.b.spi.LoadPlanTreePrinter - LoadPlan(entity=domain.PersonDomainModel)
    - Returns
       - EntityReturnImpl(entity=domain.PersonDomainModel, querySpaceUid=&lt;gen:0&gt;, path=domain.PersonDomainModel)
    - QuerySpaces
       - EntityQuerySpaceImpl(uid=&lt;gen:0&gt;, entity=domain.PersonDomainModel)
          - SQL table alias mapping - persondoma0_
          - alias suffix - 0_
          - suffixed key columns - {PersonID1_0_0_}

00:20:21.394 [main] DEBUG o.h.loader.entity.plan.EntityLoader - Static select for entity domain.PersonDomainModel [FORCE]: select persondoma0_.PersonID as PersonID1_0_0_, persondoma0_.firstName as firstName2_0_0_, persondoma0_.middleName as middleName3_0_0_, persondoma0_.lastName as lastName4_0_0_, persondoma0_.street as street5_0_0_, persondoma0_.postalCode as postalCode6_0_0_, persondoma0_.city as city7_0_0_, persondoma0_.birthday as birthday8_0_0_ from HartA.per persondoma0_ where persondoma0_.PersonID=? for update nowait
00:20:21.394 [main] DEBUG o.h.l.p.b.i.spaces.QuerySpacesImpl - Adding QuerySpace : uid = &lt;gen:0&gt; -&gt; org.hibernate.loader.plan.build.internal.spaces.EntityQuerySpaceImpl@120f38e6]
00:20:21.394 [main] DEBUG o.h.p.w.spi.MetamodelGraphWalker - Visiting attribute path : firstName
00:20:21.394 [main] DEBUG o.h.p.w.spi.MetamodelGraphWalker - Visiting attribute path : middleName
00:20:21.394 [main] DEBUG o.h.p.w.spi.MetamodelGraphWalker - Visiting attribute path : lastName
00:20:21.394 [main] DEBUG o.h.p.w.spi.MetamodelGraphWalker - Visiting attribute path : street
00:20:21.394 [main] DEBUG o.h.p.w.spi.MetamodelGraphWalker - Visiting attribute path : postalCode
00:20:21.394 [main] DEBUG o.h.p.w.spi.MetamodelGraphWalker - Visiting attribute path : city
00:20:21.394 [main] DEBUG o.h.p.w.spi.MetamodelGraphWalker - Visiting attribute path : birthday
00:20:21.395 [main] DEBUG o.h.l.p.b.i.FetchStyleLoadPlanBuildingAssociationVisitationStrategy - Building LoadPlan...
00:20:21.395 [main] DEBUG o.h.l.p.e.i.LoadQueryJoinAndFetchProcessor - processing queryspace &lt;gen:0&gt;
00:20:21.395 [main] DEBUG o.h.l.p.b.spi.LoadPlanTreePrinter - LoadPlan(entity=domain.PersonDomainModel)
    - Returns
       - EntityReturnImpl(entity=domain.PersonDomainModel, querySpaceUid=&lt;gen:0&gt;, path=domain.PersonDomainModel)
    - QuerySpaces
       - EntityQuerySpaceImpl(uid=&lt;gen:0&gt;, entity=domain.PersonDomainModel)
          - SQL table alias mapping - persondoma0_
          - alias suffix - 0_
          - suffixed key columns - {PersonID1_0_0_}

00:20:21.395 [main] DEBUG o.h.loader.entity.plan.EntityLoader - Static select for entity domain.PersonDomainModel [PESSIMISTIC_READ]: select persondoma0_.PersonID as PersonID1_0_0_, persondoma0_.firstName as firstName2_0_0_, persondoma0_.middleName as middleName3_0_0_, persondoma0_.lastName as lastName4_0_0_, persondoma0_.street as street5_0_0_, persondoma0_.postalCode as postalCode6_0_0_, persondoma0_.city as city7_0_0_, persondoma0_.birthday as birthday8_0_0_ from HartA.per persondoma0_ where persondoma0_.PersonID=? for update
00:20:21.395 [main] DEBUG o.h.l.p.b.i.spaces.QuerySpacesImpl - Adding QuerySpace : uid = &lt;gen:0&gt; -&gt; org.hibernate.loader.plan.build.internal.spaces.EntityQuerySpaceImpl@702ed190]
00:20:21.395 [main] DEBUG o.h.p.w.spi.MetamodelGraphWalker - Visiting attribute path : firstName
00:20:21.395 [main] DEBUG o.h.p.w.spi.MetamodelGraphWalker - Visiting attribute path : middleName
00:20:21.396 [main] DEBUG o.h.p.w.spi.MetamodelGraphWalker - Visiting attribute path : lastName
00:20:21.396 [main] DEBUG o.h.p.w.spi.MetamodelGraphWalker - Visiting attribute path : street
00:20:21.396 [main] DEBUG o.h.p.w.spi.MetamodelGraphWalker - Visiting attribute path : postalCode
00:20:21.396 [main] DEBUG o.h.p.w.spi.MetamodelGraphWalker - Visiting attribute path : city
00:20:21.396 [main] DEBUG o.h.p.w.spi.MetamodelGraphWalker - Visiting attribute path : birthday
00:20:21.396 [main] DEBUG o.h.l.p.b.i.FetchStyleLoadPlanBuildingAssociationVisitationStrategy - Building LoadPlan...
00:20:21.396 [main] DEBUG o.h.l.p.e.i.LoadQueryJoinAndFetchProcessor - processing queryspace &lt;gen:0&gt;
00:20:21.396 [main] DEBUG o.h.l.p.b.spi.LoadPlanTreePrinter - LoadPlan(entity=domain.PersonDomainModel)
    - Returns
       - EntityReturnImpl(entity=domain.PersonDomainModel, querySpaceUid=&lt;gen:0&gt;, path=domain.PersonDomainModel)
    - QuerySpaces
       - EntityQuerySpaceImpl(uid=&lt;gen:0&gt;, entity=domain.PersonDomainModel)
          - SQL table alias mapping - persondoma0_
          - alias suffix - 0_
          - suffixed key columns - {PersonID1_0_0_}

00:20:21.397 [main] DEBUG o.h.loader.entity.plan.EntityLoader - Static select for entity domain.PersonDomainModel [PESSIMISTIC_WRITE]: select persondoma0_.PersonID as PersonID1_0_0_, persondoma0_.firstName as firstName2_0_0_, persondoma0_.middleName as middleName3_0_0_, persondoma0_.lastName as lastName4_0_0_, persondoma0_.street as street5_0_0_, persondoma0_.postalCode as postalCode6_0_0_, persondoma0_.city as city7_0_0_, persondoma0_.birthday as birthday8_0_0_ from HartA.per persondoma0_ where persondoma0_.PersonID=? for update
00:20:21.397 [main] DEBUG o.h.l.p.b.i.spaces.QuerySpacesImpl - Adding QuerySpace : uid = &lt;gen:0&gt; -&gt; org.hibernate.loader.plan.build.internal.spaces.EntityQuerySpaceImpl@7c18432b]
00:20:21.397 [main] DEBUG o.h.p.w.spi.MetamodelGraphWalker - Visiting attribute path : firstName
00:20:21.397 [main] DEBUG o.h.p.w.spi.MetamodelGraphWalker - Visiting attribute path : middleName
00:20:21.397 [main] DEBUG o.h.p.w.spi.MetamodelGraphWalker - Visiting attribute path : lastName
00:20:21.397 [main] DEBUG o.h.p.w.spi.MetamodelGraphWalker - Visiting attribute path : street
00:20:21.397 [main] DEBUG o.h.p.w.spi.MetamodelGraphWalker - Visiting attribute path : postalCode
00:20:21.397 [main] DEBUG o.h.p.w.spi.MetamodelGraphWalker - Visiting attribute path : city
00:20:21.397 [main] DEBUG o.h.p.w.spi.MetamodelGraphWalker - Visiting attribute path : birthday
00:20:21.397 [main] DEBUG o.h.l.p.b.i.FetchStyleLoadPlanBuildingAssociationVisitationStrategy - Building LoadPlan...
00:20:21.398 [main] DEBUG o.h.l.p.e.i.LoadQueryJoinAndFetchProcessor - processing queryspace &lt;gen:0&gt;
00:20:21.398 [main] DEBUG o.h.l.p.b.spi.LoadPlanTreePrinter - LoadPlan(entity=domain.PersonDomainModel)
    - Returns
       - EntityReturnImpl(entity=domain.PersonDomainModel, querySpaceUid=&lt;gen:0&gt;, path=domain.PersonDomainModel)
    - QuerySpaces
       - EntityQuerySpaceImpl(uid=&lt;gen:0&gt;, entity=domain.PersonDomainModel)
          - SQL table alias mapping - persondoma0_
          - alias suffix - 0_
          - suffixed key columns - {PersonID1_0_0_}

00:20:21.398 [main] DEBUG o.h.loader.entity.plan.EntityLoader - Static select for entity domain.PersonDomainModel [PESSIMISTIC_FORCE_INCREMENT]: select persondoma0_.PersonID as PersonID1_0_0_, persondoma0_.firstName as firstName2_0_0_, persondoma0_.middleName as middleName3_0_0_, persondoma0_.lastName as lastName4_0_0_, persondoma0_.street as street5_0_0_, persondoma0_.postalCode as postalCode6_0_0_, persondoma0_.city as city7_0_0_, persondoma0_.birthday as birthday8_0_0_ from HartA.per persondoma0_ where persondoma0_.PersonID=? for update nowait
00:20:21.399 [main] DEBUG o.h.l.p.b.i.spaces.QuerySpacesImpl - Adding QuerySpace : uid = &lt;gen:0&gt; -&gt; org.hibernate.loader.plan.build.internal.spaces.EntityQuerySpaceImpl@70e29e14]
00:20:21.399 [main] DEBUG o.h.p.w.spi.MetamodelGraphWalker - Visiting attribute path : firstName
00:20:21.399 [main] DEBUG o.h.p.w.spi.MetamodelGraphWalker - Visiting attribute path : middleName
00:20:21.399 [main] DEBUG o.h.p.w.spi.MetamodelGraphWalker - Visiting attribute path : lastName
00:20:21.399 [main] DEBUG o.h.p.w.spi.MetamodelGraphWalker - Visiting attribute path : street
00:20:21.399 [main] DEBUG o.h.p.w.spi.MetamodelGraphWalker - Visiting attribute path : postalCode
00:20:21.400 [main] DEBUG o.h.p.w.spi.MetamodelGraphWalker - Visiting attribute path : city
00:20:21.400 [main] DEBUG o.h.p.w.spi.MetamodelGraphWalker - Visiting attribute path : birthday
00:20:21.400 [main] DEBUG o.h.l.p.b.i.FetchStyleLoadPlanBuildingAssociationVisitationStrategy - Building LoadPlan...
00:20:21.400 [main] DEBUG o.h.l.p.e.i.LoadQueryJoinAndFetchProcessor - processing queryspace &lt;gen:0&gt;
00:20:21.401 [main] DEBUG o.h.l.p.b.spi.LoadPlanTreePrinter - LoadPlan(entity=domain.PersonDomainModel)
    - Returns
       - EntityReturnImpl(entity=domain.PersonDomainModel, querySpaceUid=&lt;gen:0&gt;, path=domain.PersonDomainModel)
    - QuerySpaces
       - EntityQuerySpaceImpl(uid=&lt;gen:0&gt;, entity=domain.PersonDomainModel)
          - SQL table alias mapping - persondoma0_
          - alias suffix - 0_
          - suffixed key columns - {PersonID1_0_0_}

00:20:21.401 [main] DEBUG o.h.loader.entity.plan.EntityLoader - Static select for entity domain.PersonDomainModel [OPTIMISTIC]: select persondoma0_.PersonID as PersonID1_0_0_, persondoma0_.firstName as firstName2_0_0_, persondoma0_.middleName as middleName3_0_0_, persondoma0_.lastName as lastName4_0_0_, persondoma0_.street as street5_0_0_, persondoma0_.postalCode as postalCode6_0_0_, persondoma0_.city as city7_0_0_, persondoma0_.birthday as birthday8_0_0_ from HartA.per persondoma0_ where persondoma0_.PersonID=?
00:20:21.404 [main] DEBUG o.h.l.p.b.i.spaces.QuerySpacesImpl - Adding QuerySpace : uid = &lt;gen:0&gt; -&gt; org.hibernate.loader.plan.build.internal.spaces.EntityQuerySpaceImpl@5a4bef8]
00:20:21.405 [main] DEBUG o.h.p.w.spi.MetamodelGraphWalker - Visiting attribute path : firstName
00:20:21.407 [main] DEBUG o.h.p.w.spi.MetamodelGraphWalker - Visiting attribute path : middleName
00:20:21.408 [main] DEBUG o.h.p.w.spi.MetamodelGraphWalker - Visiting attribute path : lastName
00:20:21.408 [main] DEBUG o.h.p.w.spi.MetamodelGraphWalker - Visiting attribute path : street
00:20:21.408 [main] DEBUG o.h.p.w.spi.MetamodelGraphWalker - Visiting attribute path : postalCode
00:20:21.409 [main] DEBUG o.h.p.w.spi.MetamodelGraphWalker - Visiting attribute path : city
00:20:21.409 [main] DEBUG o.h.p.w.spi.MetamodelGraphWalker - Visiting attribute path : birthday
00:20:21.409 [main] DEBUG o.h.l.p.b.i.FetchStyleLoadPlanBuildingAssociationVisitationStrategy - Building LoadPlan...
00:20:21.409 [main] DEBUG o.h.l.p.e.i.LoadQueryJoinAndFetchProcessor - processing queryspace &lt;gen:0&gt;
00:20:21.410 [main] DEBUG o.h.l.p.b.spi.LoadPlanTreePrinter - LoadPlan(entity=domain.PersonDomainModel)
    - Returns
       - EntityReturnImpl(entity=domain.PersonDomainModel, querySpaceUid=&lt;gen:0&gt;, path=domain.PersonDomainModel)
    - QuerySpaces
       - EntityQuerySpaceImpl(uid=&lt;gen:0&gt;, entity=domain.PersonDomainModel)
          - SQL table alias mapping - persondoma0_
          - alias suffix - 0_
          - suffixed key columns - {PersonID1_0_0_}

00:20:21.410 [main] DEBUG o.h.loader.entity.plan.EntityLoader - Static select for entity domain.PersonDomainModel [OPTIMISTIC_FORCE_INCREMENT]: select persondoma0_.PersonID as PersonID1_0_0_, persondoma0_.firstName as firstName2_0_0_, persondoma0_.middleName as middleName3_0_0_, persondoma0_.lastName as lastName4_0_0_, persondoma0_.street as street5_0_0_, persondoma0_.postalCode as postalCode6_0_0_, persondoma0_.city as city7_0_0_, persondoma0_.birthday as birthday8_0_0_ from HartA.per persondoma0_ where persondoma0_.PersonID=?
00:20:21.440 [main] DEBUG org.hibernate.loader.Loader - Static select for action ACTION_MERGE on entity domain.PersonDomainModel: select persondoma0_.PersonID as PersonID1_0_0_, persondoma0_.firstName as firstName2_0_0_, persondoma0_.middleName as middleName3_0_0_, persondoma0_.lastName as lastName4_0_0_, persondoma0_.street as street5_0_0_, persondoma0_.postalCode as postalCode6_0_0_, persondoma0_.city as city7_0_0_, persondoma0_.birthday as birthday8_0_0_ from HartA.per persondoma0_ where persondoma0_.PersonID=?
00:20:21.442 [main] DEBUG org.hibernate.loader.Loader - Static select for action ACTION_REFRESH on entity domain.PersonDomainModel: select persondoma0_.PersonID as PersonID1_0_0_, persondoma0_.firstName as firstName2_0_0_, persondoma0_.middleName as middleName3_0_0_, persondoma0_.lastName as lastName4_0_0_, persondoma0_.street as street5_0_0_, persondoma0_.postalCode as postalCode6_0_0_, persondoma0_.city as city7_0_0_, persondoma0_.birthday as birthday8_0_0_ from HartA.per persondoma0_ where persondoma0_.PersonID=?
00:20:21.442 [main] DEBUG o.h.internal.SessionFactoryImpl - Instantiated session factory
00:20:21.449 [main] INFO  o.h.tool.hbm2ddl.SchemaUpdate - HHH000228: Running hbm2ddl schema update
00:20:22.558 [main] DEBUG o.h.tool.hbm2ddl.SchemaUpdate - No alter strings for table : per
00:20:22.578 [main] DEBUG o.h.e.t.j.p.i.JtaPlatformInitiator - No JtaPlatform was specified, checking resolver
00:20:22.579 [main] DEBUG o.h.e.t.j.p.i.JtaPlatformResolverInitiator - No JtaPlatformResolver was specified, using default [org.hibernate.engine.transaction.jta.platform.internal.StandardJtaPlatformResolver]
00:20:22.582 [main] DEBUG o.h.e.t.j.p.i.StandardJtaPlatformResolver - Could not resolve JtaPlatform, using default [org.hibernate.engine.transaction.jta.platform.internal.NoJtaPlatform]
00:20:22.583 [main] DEBUG o.h.internal.NamedQueryRepository - Checking 0 named HQL queries
00:20:22.583 [main] DEBUG o.h.internal.NamedQueryRepository - Checking 0 named SQL queries
00:20:22.584 [main] DEBUG o.h.internal.SessionFactoryRegistry - Initializing SessionFactoryRegistry : org.hibernate.internal.SessionFactoryRegistry@60b85ba1
00:20:22.586 [main] DEBUG o.h.internal.SessionFactoryRegistry - Registering SessionFactory: 3a853900-fa70-46a0-865a-7dacbbf2c348 (&lt;unnamed&gt;)
00:20:22.586 [main] DEBUG o.h.internal.SessionFactoryRegistry - Not binding SessionFactory to JNDI, no JNDI name configured
00:20:22.628 [main] DEBUG o.h.s.internal.StatisticsInitiator - Statistics initialized [enabled=false]
00:20:22.630 [main] DEBUG o.h.e.t.internal.TransactionImpl - begin
00:20:22.639 [main] DEBUG o.h.e.i.AbstractSaveEventListener - Generated identifier: 1d28554d-bbfc-4ad1-8c73-7dc22c90e5ea, using strategy: org.hibernate.id.Assigned
00:20:22.652 [main] DEBUG o.h.e.t.internal.TransactionImpl - committing
00:20:22.653 [main] DEBUG o.h.e.i.AbstractFlushingEventListener - Processing flush-time cascades
00:20:22.654 [main] DEBUG o.h.e.i.AbstractFlushingEventListener - Dirty checking collections
00:20:22.655 [main] DEBUG o.h.e.i.AbstractFlushingEventListener - Flushed: 1 insertions, 0 updates, 0 deletions to 1 objects
00:20:22.656 [main] DEBUG o.h.e.i.AbstractFlushingEventListener - Flushed: 0 (re)creations, 0 updates, 0 removals to 0 collections
00:20:22.657 [main] DEBUG o.h.internal.util.EntityPrinter - Listing entities:
00:20:22.659 [main] DEBUG o.h.internal.util.EntityPrinter - domain.PersonDomainModel{birthday=Tue Dec 27 00:00:00 EST 1994, firstName=Alex, lastName=Heart, PersonID=1d28554d-bbfc-4ad1-8c73-7dc22c90e5ea, city=Collegeville, street=702 Stones Gate Blvd, postalCode=21921, middleName=J}
00:20:22.671 [main] DEBUG org.hibernate.SQL - 
    insert 
    into
        HartA.per
        (firstName, middleName, lastName, street, postalCode, city, birthday, PersonID) 
    values
        (?, ?, ?, ?, ?, ?, ?, ?)
Hibernate: 
    insert 
    into
        HartA.per
        (firstName, middleName, lastName, street, postalCode, city, birthday, PersonID) 
    values
        (?, ?, ?, ?, ?, ?, ?, ?)
00:20:22.725 [main] DEBUG o.h.e.j.internal.JdbcCoordinatorImpl - HHH000420: Closing un-released batch
00:20:22.727 [main] DEBUG o.h.e.t.internal.TransactionImpl - begin
00:20:22.730 [main] DEBUG o.h.e.t.internal.TransactionImpl - committing
00:20:22.730 [main] DEBUG o.h.e.i.AbstractFlushingEventListener - Processing flush-time cascades
00:20:22.730 [main] DEBUG o.h.e.i.AbstractFlushingEventListener - Dirty checking collections
00:20:22.731 [main] DEBUG o.h.e.i.AbstractFlushingEventListener - Flushed: 0 insertions, 1 updates, 0 deletions to 1 objects
00:20:22.731 [main] DEBUG o.h.e.i.AbstractFlushingEventListener - Flushed: 0 (re)creations, 0 updates, 0 removals to 0 collections
00:20:22.731 [main] DEBUG o.h.internal.util.EntityPrinter - Listing entities:
00:20:22.732 [main] DEBUG o.h.internal.util.EntityPrinter - domain.PersonDomainModel{birthday=Tue Dec 27 00:00:00 EST 1994, firstName=TestName, lastName=Heart, PersonID=1d28554d-bbfc-4ad1-8c73-7dc22c90e5ea, city=Collegeville, street=702 Stones Gate Blvd, postalCode=21921, middleName=J}
00:20:22.732 [main] DEBUG org.hibernate.SQL - 
    update
        HartA.per 
    set
        firstName=?,
        middleName=?,
        lastName=?,
        street=?,
        postalCode=?,
        city=?,
        birthday=? 
    where
        PersonID=?
Hibernate: 
    update
        HartA.per 
    set
        firstName=?,
        middleName=?,
        lastName=?,
        street=?,
        postalCode=?,
        city=?,
        birthday=? 
    where
        PersonID=?
00:20:22.778 [main] DEBUG o.h.e.j.internal.JdbcCoordinatorImpl - HHH000420: Closing un-released batch
00:20:22.778 [main] DEBUG o.h.e.t.internal.TransactionImpl - begin
00:20:22.785 [main] DEBUG o.h.h.i.QueryTranslatorFactoryInitiator - QueryTranslatorFactory : org.hibernate.hql.internal.ast.ASTQueryTranslatorFactory@3961a41a
00:20:22.785 [main] INFO  o.h.h.i.QueryTranslatorFactoryInitiator - HHH000397: Using ASTQueryTranslatorFactory
00:20:22.821 [main] DEBUG o.h.h.i.ast.QueryTranslatorImpl - parse() - HQL: from domain.PersonDomainModel where personId = :id 
00:20:22.831 [main] DEBUG o.h.h.i.ast.QueryTranslatorImpl - --- HQL AST ---
 \-[QUERY] Node: &apos;query&apos;
    +-[SELECT_FROM] Node: &apos;SELECT_FROM&apos;
    |  \-[FROM] Node: &apos;from&apos;
    |     \-[RANGE] Node: &apos;RANGE&apos;
    |        \-[DOT] Node: &apos;.&apos;
    |           +-[IDENT] Node: &apos;domain&apos;
    |           \-[IDENT] Node: &apos;PersonDomainModel&apos;
    \-[WHERE] Node: &apos;where&apos;
       \-[EQ] Node: &apos;=&apos;
          +-[IDENT] Node: &apos;personId&apos;
          \-[COLON] Node: &apos;:&apos;
             \-[IDENT] Node: &apos;id&apos;

00:20:22.832 [main] DEBUG o.h.hql.internal.ast.ErrorCounter - throwQueryException() : no errors
00:20:22.860 [main] DEBUG o.h.h.i.antlr.HqlSqlBaseWalker - select &lt;&lt; begin [level=1, statement=select]
00:20:22.875 [main] DEBUG o.h.h.internal.ast.tree.FromElement - FromClause{level=1} : domain.PersonDomainModel (&lt;no alias&gt;) -&gt; persondoma0_
00:20:22.881 [main] DEBUG o.h.h.i.antlr.HqlSqlBaseWalker - select : finishing up [level=1, statement=select]
00:20:22.881 [main] DEBUG o.h.hql.internal.ast.HqlSqlWalker - processQuery() :  ( SELECT ( FromClause{level=1} HartA.per persondoma0_ ) ( where ( = personId ? ) ) )
00:20:22.889 [main] DEBUG o.h.hql.internal.ast.HqlSqlWalker - Derived SELECT clause created.
00:20:22.894 [main] DEBUG o.h.h.i.ast.util.JoinProcessor - Using FROM fragment [HartA.per persondoma0_]
00:20:22.895 [main] DEBUG o.h.h.i.antlr.HqlSqlBaseWalker - select &gt;&gt; end [level=1, statement=select]
00:20:22.896 [main] DEBUG o.h.h.i.ast.QueryTranslatorImpl - --- SQL AST ---
 \-[SELECT] QueryNode: &apos;SELECT&apos;  querySpaces (HartA.per)
    +-[SELECT_CLAUSE] SelectClause: &apos;{derived select clause}&apos;
    |  +-[SELECT_EXPR] SelectExpressionImpl: &apos;persondoma0_.PersonID as PersonID1_0_&apos; {FromElement{explicit,not a collection join,not a fetch join,fetch non-lazy properties,classAlias=null,role=null,tableName=HartA.per,tableAlias=persondoma0_,origin=null,columns={,className=domain.PersonDomainModel}}}
    |  \-[SQL_TOKEN] SqlFragment: &apos;persondoma0_.firstName as firstName2_0_, persondoma0_.middleName as middleName3_0_, persondoma0_.lastName as lastName4_0_, persondoma0_.street as street5_0_, persondoma0_.postalCode as postalCode6_0_, persondoma0_.city as city7_0_, persondoma0_.birthday as birthday8_0_&apos;
    +-[FROM] FromClause: &apos;from&apos; FromClause{level=1, fromElementCounter=1, fromElements=1, fromElementByClassAlias=[], fromElementByTableAlias=[persondoma0_], fromElementsByPath=[], collectionJoinFromElementsByPath=[], impliedElements=[]}
    |  \-[FROM_FRAGMENT] FromElement: &apos;HartA.per persondoma0_&apos; FromElement{explicit,not a collection join,not a fetch join,fetch non-lazy properties,classAlias=null,role=null,tableName=HartA.per,tableAlias=persondoma0_,origin=null,columns={,className=domain.PersonDomainModel}}
    \-[WHERE] SqlNode: &apos;where&apos;
       \-[EQ] BinaryLogicOperatorNode: &apos;=&apos;
          +-[IDENT] IdentNode: &apos;personId&apos; {originalText=personId}
          \-[NAMED_PARAM] ParameterNode: &apos;?&apos; {name=id, expectedType=null}

00:20:22.896 [main] DEBUG o.h.hql.internal.ast.ErrorCounter - throwQueryException() : no errors
00:20:22.906 [main] DEBUG o.h.h.i.ast.QueryTranslatorImpl - HQL: from domain.PersonDomainModel where personId = :id 
00:20:22.906 [main] DEBUG o.h.h.i.ast.QueryTranslatorImpl - SQL: select persondoma0_.PersonID as PersonID1_0_, persondoma0_.firstName as firstName2_0_, persondoma0_.middleName as middleName3_0_, persondoma0_.lastName as lastName4_0_, persondoma0_.street as street5_0_, persondoma0_.postalCode as postalCode6_0_, persondoma0_.city as city7_0_, persondoma0_.birthday as birthday8_0_ from HartA.per persondoma0_ where personId=?
00:20:22.906 [main] DEBUG o.h.hql.internal.ast.ErrorCounter - throwQueryException() : no errors
00:20:22.919 [main] DEBUG org.hibernate.SQL - 
    select
        persondoma0_.PersonID as PersonID1_0_,
        persondoma0_.firstName as firstName2_0_,
        persondoma0_.middleName as middleName3_0_,
        persondoma0_.lastName as lastName4_0_,
        persondoma0_.street as street5_0_,
        persondoma0_.postalCode as postalCode6_0_,
        persondoma0_.city as city7_0_,
        persondoma0_.birthday as birthday8_0_ 
    from
        HartA.per persondoma0_ 
    where
        personId=?
Hibernate: 
    select
        persondoma0_.PersonID as PersonID1_0_,
        persondoma0_.firstName as firstName2_0_,
        persondoma0_.middleName as middleName3_0_,
        persondoma0_.lastName as lastName4_0_,
        persondoma0_.street as street5_0_,
        persondoma0_.postalCode as postalCode6_0_,
        persondoma0_.city as city7_0_,
        persondoma0_.birthday as birthday8_0_ 
    from
        HartA.per persondoma0_ 
    where
        personId=?
00:20:22.959 [main] DEBUG org.hibernate.loader.Loader - Result set row: 0
00:20:22.963 [main] DEBUG org.hibernate.loader.Loader - Result row: EntityKey[domain.PersonDomainModel#1d28554d-bbfc-4ad1-8c73-7dc22c90e5ea]
00:20:22.968 [main] DEBUG o.h.engine.internal.TwoPhaseLoad - Resolving associations for [domain.PersonDomainModel#1d28554d-bbfc-4ad1-8c73-7dc22c90e5ea]
00:20:22.968 [main] DEBUG o.h.engine.internal.TwoPhaseLoad - Done materializing entity [domain.PersonDomainModel#1d28554d-bbfc-4ad1-8c73-7dc22c90e5ea]
00:20:22.969 [main] DEBUG o.h.e.t.internal.TransactionImpl - committing
00:20:22.969 [main] DEBUG o.h.e.i.AbstractFlushingEventListener - Processing flush-time cascades
00:20:22.969 [main] DEBUG o.h.e.i.AbstractFlushingEventListener - Dirty checking collections
00:20:22.970 [main] DEBUG o.h.e.i.AbstractFlushingEventListener - Flushed: 0 insertions, 0 updates, 0 deletions to 1 objects
00:20:22.970 [main] DEBUG o.h.e.i.AbstractFlushingEventListener - Flushed: 0 (re)creations, 0 updates, 0 removals to 0 collections
00:20:22.970 [main] DEBUG o.h.internal.util.EntityPrinter - Listing entities:
00:20:22.970 [main] DEBUG o.h.internal.util.EntityPrinter - domain.PersonDomainModel{birthday=1994-12-27, firstName=TestName, lastName=Heart, PersonID=1d28554d-bbfc-4ad1-8c73-7dc22c90e5ea, city=Collegeville, street=702 Stones Gate Blvd, postalCode=21921, middleName=J}
00:20:22.994 [main] DEBUG o.h.e.t.internal.TransactionImpl - begin
00:20:22.998 [main] DEBUG org.hibernate.SQL - 
    select
        persondoma0_.PersonID as PersonID1_0_0_,
        persondoma0_.firstName as firstName2_0_0_,
        persondoma0_.middleName as middleName3_0_0_,
        persondoma0_.lastName as lastName4_0_0_,
        persondoma0_.street as street5_0_0_,
        persondoma0_.postalCode as postalCode6_0_0_,
        persondoma0_.city as city7_0_0_,
        persondoma0_.birthday as birthday8_0_0_ 
    from
        HartA.per persondoma0_ 
    where
        persondoma0_.PersonID=?
Hibernate: 
    select
        persondoma0_.PersonID as PersonID1_0_0_,
        persondoma0_.firstName as firstName2_0_0_,
        persondoma0_.middleName as middleName3_0_0_,
        persondoma0_.lastName as lastName4_0_0_,
        persondoma0_.street as street5_0_0_,
        persondoma0_.postalCode as postalCode6_0_0_,
        persondoma0_.city as city7_0_0_,
        persondoma0_.birthday as birthday8_0_0_ 
    from
        HartA.per persondoma0_ 
    where
        persondoma0_.PersonID=?
00:20:23.021 [main] DEBUG o.h.l.p.e.p.i.ResultSetProcessorImpl - Starting ResultSet row #0
00:20:23.023 [main] DEBUG o.h.l.p.e.p.i.EntityReferenceInitializerImpl - On call to EntityIdentifierReaderImpl#resolve, EntityKey was already known; should only happen on root returns with an optional identifier specified
00:20:23.024 [main] DEBUG o.h.engine.internal.TwoPhaseLoad - Resolving associations for [domain.PersonDomainModel#1d28554d-bbfc-4ad1-8c73-7dc22c90e5ea]
00:20:23.025 [main] DEBUG o.h.engine.internal.TwoPhaseLoad - Done materializing entity [domain.PersonDomainModel#1d28554d-bbfc-4ad1-8c73-7dc22c90e5ea]
00:20:23.025 [main] DEBUG o.h.r.j.i.ResourceRegistryStandardImpl - HHH000387: ResultSet&apos;s statement was not registered
00:20:23.025 [main] DEBUG o.h.l.e.p.AbstractLoadPlanBasedEntityLoader - Done entity load : domain.PersonDomainModel#1d28554d-bbfc-4ad1-8c73-7dc22c90e5ea
00:20:23.027 [main] DEBUG o.h.e.t.internal.TransactionImpl - committing
00:20:23.027 [main] DEBUG o.h.e.i.AbstractFlushingEventListener - Processing flush-time cascades
00:20:23.028 [main] DEBUG o.h.e.i.AbstractFlushingEventListener - Dirty checking collections
00:20:23.028 [main] DEBUG o.h.e.i.AbstractFlushingEventListener - Flushed: 0 insertions, 0 updates, 1 deletions to 1 objects
00:20:23.028 [main] DEBUG o.h.e.i.AbstractFlushingEventListener - Flushed: 0 (re)creations, 0 updates, 0 removals to 0 collections
00:20:23.028 [main] DEBUG o.h.internal.util.EntityPrinter - Listing entities:
00:20:23.028 [main] DEBUG o.h.internal.util.EntityPrinter - domain.PersonDomainModel{birthday=1994-12-27, firstName=TestName, lastName=Heart, PersonID=1d28554d-bbfc-4ad1-8c73-7dc22c90e5ea, city=Collegeville, street=702 Stones Gate Blvd, postalCode=21921, middleName=J}
00:20:23.029 [main] DEBUG org.hibernate.SQL - 
    delete 
    from
        HartA.per 
    where
        PersonID=?
Hibernate: 
    delete 
    from
        HartA.per 
    where
        PersonID=?
00:20:23.074 [main] DEBUG o.h.e.j.internal.JdbcCoordinatorImpl - HHH000420: Closing un-released batch
00:20:23.075 [main] DEBUG o.h.e.t.internal.TransactionImpl - begin
00:20:23.075 [main] DEBUG org.hibernate.SQL - 
    select
        persondoma0_.PersonID as PersonID1_0_,
        persondoma0_.firstName as firstName2_0_,
        persondoma0_.middleName as middleName3_0_,
        persondoma0_.lastName as lastName4_0_,
        persondoma0_.street as street5_0_,
        persondoma0_.postalCode as postalCode6_0_,
        persondoma0_.city as city7_0_,
        persondoma0_.birthday as birthday8_0_ 
    from
        HartA.per persondoma0_ 
    where
        personId=?
Hibernate: 
    select
        persondoma0_.PersonID as PersonID1_0_,
        persondoma0_.firstName as firstName2_0_,
        persondoma0_.middleName as middleName3_0_,
        persondoma0_.lastName as lastName4_0_,
        persondoma0_.street as street5_0_,
        persondoma0_.postalCode as postalCode6_0_,
        persondoma0_.city as city7_0_,
        persondoma0_.birthday as birthday8_0_ 
    from
        HartA.per persondoma0_ 
    where
        personId=?
</system-out>
  </testcase>
  <testcase classname="base.Person_Test" name="TestDeletePerson" time="0.199">
    <error message="Index: 0, Size: 0" type="java.lang.IndexOutOfBoundsException">java.lang.IndexOutOfBoundsException: Index: 0, Size: 0
	at java.util.ArrayList.rangeCheck(ArrayList.java:653)
[...]
        HartA.per
        (firstName, middleName, lastName, street, postalCode, city, birthday, PersonID) 
    values
        (?, ?, ?, ?, ?, ?, ?, ?)
Hibernate: 
    insert 
    into
        HartA.per
        (firstName, middleName, lastName, street, postalCode, city, birthday, PersonID) 
    values
        (?, ?, ?, ?, ?, ?, ?, ?)
00:20:23.161 [main] DEBUG o.h.e.j.internal.JdbcCoordinatorImpl - HHH000420: Closing un-released batch
00:20:23.161 [main] DEBUG o.h.e.t.internal.TransactionImpl - begin
00:20:23.161 [main] DEBUG org.hibernate.SQL - 
    select
        persondoma0_.PersonID as PersonID1_0_0_,
        persondoma0_.firstName as firstName2_0_0_,
        persondoma0_.middleName as middleName3_0_0_,
        persondoma0_.lastName as lastName4_0_0_,
        persondoma0_.street as street5_0_0_,
        persondoma0_.postalCode as postalCode6_0_0_,
        persondoma0_.city as city7_0_0_,
        persondoma0_.birthday as birthday8_0_0_ 
    from
        HartA.per persondoma0_ 
    where
        persondoma0_.PersonID=?
Hibernate: 
    select
        persondoma0_.PersonID as PersonID1_0_0_,
        persondoma0_.firstName as firstName2_0_0_,
        persondoma0_.middleName as middleName3_0_0_,
        persondoma0_.lastName as lastName4_0_0_,
        persondoma0_.street as street5_0_0_,
        persondoma0_.postalCode as postalCode6_0_0_,
        persondoma0_.city as city7_0_0_,
        persondoma0_.birthday as birthday8_0_0_ 
    from
        HartA.per persondoma0_ 
    where
        persondoma0_.PersonID=?
00:20:23.187 [main] DEBUG o.h.l.p.e.p.i.ResultSetProcessorImpl - Starting ResultSet row #0
00:20:23.187 [main] DEBUG o.h.l.p.e.p.i.EntityReferenceInitializerImpl - On call to EntityIdentifierReaderImpl#resolve, EntityKey was already known; should only happen on root returns with an optional identifier specified
00:20:23.188 [main] DEBUG o.h.engine.internal.TwoPhaseLoad - Resolving associations for [domain.PersonDomainModel#1d28554d-bbfc-4ad1-8c73-7dc22c90e5ea]
00:20:23.188 [main] DEBUG o.h.engine.internal.TwoPhaseLoad - Done materializing entity [domain.PersonDomainModel#1d28554d-bbfc-4ad1-8c73-7dc22c90e5ea]
00:20:23.188 [main] DEBUG o.h.r.j.i.ResourceRegistryStandardImpl - HHH000387: ResultSet&apos;s statement was not registered
00:20:23.188 [main] DEBUG o.h.l.e.p.AbstractLoadPlanBasedEntityLoader - Done entity load : domain.PersonDomainModel#1d28554d-bbfc-4ad1-8c73-7dc22c90e5ea
00:20:23.189 [main] DEBUG o.h.e.t.internal.TransactionImpl - committing
00:20:23.189 [main] DEBUG o.h.e.i.AbstractFlushingEventListener - Processing flush-time cascades
00:20:23.189 [main] DEBUG o.h.e.i.AbstractFlushingEventListener - Dirty checking collections
00:20:23.189 [main] DEBUG o.h.e.i.AbstractFlushingEventListener - Flushed: 0 insertions, 0 updates, 1 deletions to 1 objects
00:20:23.189 [main] DEBUG o.h.e.i.AbstractFlushingEventListener - Flushed: 0 (re)creations, 0 updates, 0 removals to 0 collections
00:20:23.189 [main] DEBUG o.h.internal.util.EntityPrinter - Listing entities:
00:20:23.189 [main] DEBUG o.h.internal.util.EntityPrinter - domain.PersonDomainModel{birthday=1994-12-27, firstName=TestName, lastName=Heart, PersonID=1d28554d-bbfc-4ad1-8c73-7dc22c90e5ea, city=Collegeville, street=702 Stones Gate Blvd, postalCode=21921, middleName=J}
00:20:23.189 [main] DEBUG org.hibernate.SQL - 
    delete 
    from
        HartA.per 
    where
        PersonID=?
Hibernate: 
    delete 
    from
        HartA.per 
    where
        PersonID=?
00:20:23.248 [main] DEBUG o.h.e.j.internal.JdbcCoordinatorImpl - HHH000420: Closing un-released batch
00:20:23.249 [main] DEBUG o.h.e.t.internal.TransactionImpl - begin
00:20:23.249 [main] DEBUG org.hibernate.SQL - 
    select
        persondoma0_.PersonID as PersonID1_0_,
        persondoma0_.firstName as firstName2_0_,
        persondoma0_.middleName as middleName3_0_,
        persondoma0_.lastName as lastName4_0_,
        persondoma0_.street as street5_0_,
        persondoma0_.postalCode as postalCode6_0_,
        persondoma0_.city as city7_0_,
        persondoma0_.birthday as birthday8_0_ 
    from
        HartA.per persondoma0_ 
    where
        personId=?
Hibernate: 
    select
        persondoma0_.PersonID as PersonID1_0_,
        persondoma0_.firstName as firstName2_0_,
        persondoma0_.middleName as middleName3_0_,
        persondoma0_.lastName as lastName4_0_,
        persondoma0_.street as street5_0_,
        persondoma0_.postalCode as postalCode6_0_,
        persondoma0_.city as city7_0_,
        persondoma0_.birthday as birthday8_0_ 
    from
        HartA.per persondoma0_ 
    where
        personId=?
00:20:23.278 [main] DEBUG o.h.e.t.internal.TransactionImpl - begin
00:20:23.279 [main] DEBUG org.hibernate.SQL - 
    select
        persondoma0_.PersonID as PersonID1_0_0_,
        persondoma0_.firstName as firstName2_0_0_,
        persondoma0_.middleName as middleName3_0_0_,
        persondoma0_.lastName as lastName4_0_0_,
        persondoma0_.street as street5_0_0_,
        persondoma0_.postalCode as postalCode6_0_0_,
        persondoma0_.city as city7_0_0_,
        persondoma0_.birthday as birthday8_0_0_ 
    from
        HartA.per persondoma0_ 
    where
        persondoma0_.PersonID=?
Hibernate: 
    select
        persondoma0_.PersonID as PersonID1_0_0_,
        persondoma0_.firstName as firstName2_0_0_,
        persondoma0_.middleName as middleName3_0_0_,
        persondoma0_.lastName as lastName4_0_0_,
        persondoma0_.street as street5_0_0_,
        persondoma0_.postalCode as postalCode6_0_0_,
        persondoma0_.city as city7_0_0_,
        persondoma0_.birthday as birthday8_0_0_ 
    from
        HartA.per persondoma0_ 
    where
        persondoma0_.PersonID=?
00:20:23.302 [main] DEBUG o.h.r.j.i.ResourceRegistryStandardImpl - HHH000387: ResultSet&apos;s statement was not registered
00:20:23.303 [main] DEBUG o.h.l.e.p.AbstractLoadPlanBasedEntityLoader - Done entity load : domain.PersonDomainModel#1d28554d-bbfc-4ad1-8c73-7dc22c90e5ea
</system-out>
  </testcase>
  <testcase classname="base.Person_Test" name="TestDeletePerson" time="0.2">
    <error message="attempt to create delete event with null entity" type="java.lang.IllegalArgumentException">java.lang.IllegalArgumentException: attempt to create delete event with null entity
	at org.hibernate.event.spi.DeleteEvent.&lt;init&gt;(DeleteEvent.java:31)
	at org.hibernate.internal.SessionImpl.delete(SessionImpl.java:859)
	at base.PersonDAL.deletePerson(PersonDAL.java:100)
	at base.Person_Test.tearDown(Person_Test.java:58)
	at sun.reflect.NativeMethodAccessorImpl.invoke0(Native Method)
	at sun.reflect.NativeMethodAccessorImpl.invoke(NativeMethodAccessorImpl.java:62)
	at sun.reflect.DelegatingMethodAccessorImpl.invoke(DelegatingMethodAccessorImpl.java:43)
	at java.lang.reflect.Method.invoke(Method.java:498)
	at org.junit.runners.model.FrameworkMethod$1.runReflectiveCall(FrameworkMethod.java:47)
	at org.junit.internal.runners.model.ReflectiveCallable.run(ReflectiveCallable.java:12)
	at org.junit.runners.model.FrameworkMethod.invokeExplosively(FrameworkMethod.java:44)
	at org.junit.internal.runners.statements.RunAfters.evaluate(RunAfters.java:33)
	at org.junit.runners.ParentRunner.runLeaf(ParentRunner.java:271)
	at org.junit.runners.BlockJUnit4ClassRunner.runChild(BlockJUnit4ClassRunner.java:70)
	at org.junit.runners.BlockJUnit4ClassRunner.runChild(BlockJUnit4ClassRunner.java:50)
	at org.junit.runners.ParentRunner$3.run(ParentRunner.java:238)
	at org.junit.runners.ParentRunner$1.schedule(ParentRunner.java:63)
	at org.junit.runners.ParentRunner.runChildren(ParentRunner.java:236)
	at org.junit.runners.ParentRunner.access$000(ParentRunner.java:53)
	at org.junit.runners.ParentRunner$2.evaluate(ParentRunner.java:229)
	at org.junit.internal.runners.statements.RunBefores.evaluate(RunBefores.java:26)
	at org.junit.runners.ParentRunner.run(ParentRunner.java:309)
	at org.apache.maven.surefire.junit4.JUnit4Provider.execute(JUnit4Provider.java:252)
	at org.apache.maven.surefire.junit4.JUnit4Provider.executeTestSet(JUnit4Provider.java:141)
	at org.apache.maven.surefire.junit4.JUnit4Provider.invoke(JUnit4Provider.java:112)
	at sun.reflect.NativeMethodAccessorImpl.invoke0(Native Method)
	at sun.reflect.NativeMethodAccessorImpl.invoke(NativeMethodAccessorImpl.java:62)
	at sun.reflect.DelegatingMethodAccessorImpl.invoke(DelegatingMethodAccessorImpl.java:43)
	at java.lang.reflect.Method.invoke(Method.java:498)
	at org.apache.maven.surefire.util.ReflectionUtils.invokeMethodWithArray(ReflectionUtils.java:189)
	at org.apache.maven.surefire.booter.ProviderFactory$ProviderProxy.invoke(ProviderFactory.java:165)
	at org.apache.maven.surefire.booter.ProviderFactory.invokeProvider(ProviderFactory.java:85)
	at org.apache.maven.surefire.booter.ForkedBooter.runSuitesInProcess(ForkedBooter.java:115)
	at org.apache.maven.surefire.booter.ForkedBooter.main(ForkedBooter.java:75)
</error>
  </testcase>
  <testcase classname="base.Person_Test" name="TestAddPerson" time="0.317">
    <error message="Index: 0, Size: 0" type="java.lang.IndexOutOfBoundsException">java.lang.IndexOutOfBoundsException: Index: 0, Size: 0
	at java.util.ArrayList.rangeCheck(ArrayList.java:653)
	at java.util.ArrayList.get(ArrayList.java:429)
	at base.PersonDAL.getPerson(PersonDAL.java:78)
	at base.Person_Test.tearDown(Person_Test.java:59)
	at sun.reflect.NativeMethodAccessorImpl.invoke0(Native Method)
	at sun.reflect.NativeMethodAccessorImpl.invoke(NativeMethodAccessorImpl.java:62)
	at sun.reflect.DelegatingMethodAccessorImpl.invoke(DelegatingMethodAccessorImpl.java:43)
	at java.lang.reflect.Method.invoke(Method.java:498)
	at org.junit.runners.model.FrameworkMethod$1.runReflectiveCall(FrameworkMethod.java:47)
	at org.junit.internal.runners.model.ReflectiveCallable.run(ReflectiveCallable.java:12)
	at org.junit.runners.model.FrameworkMethod.invokeExplosively(FrameworkMethod.java:44)
	at org.junit.internal.runners.statements.RunAfters.evaluate(RunAfters.java:33)
	at org.junit.runners.ParentRunner.runLeaf(ParentRunner.java:271)
	at org.junit.runners.BlockJUnit4ClassRunner.runChild(BlockJUnit4ClassRunner.java:70)
	at org.junit.runners.BlockJUnit4ClassRunner.runChild(BlockJUnit4ClassRunner.java:50)
	at org.junit.runners.ParentRunner$3.run(ParentRunner.java:238)
	at org.junit.runners.ParentRunner$1.schedule(ParentRunner.java:63)
	at org.junit.runners.ParentRunner.runChildren(ParentRunner.java:236)
	at org.junit.runners.ParentRunner.access$000(ParentRunner.java:53)
	at org.junit.runners.ParentRunner$2.evaluate(ParentRunner.java:229)
	at org.junit.internal.runners.statements.RunBefores.evaluate(RunBefores.java:26)
	at org.junit.runners.ParentRunner.run(ParentRunner.java:309)
	at org.apache.maven.surefire.junit4.JUnit4Provider.execute(JUnit4Provider.java:252)
	at org.apache.maven.surefire.junit4.JUnit4Provider.executeTestSet(JUnit4Provider.java:141)
	at org.apache.maven.surefire.junit4.JUnit4Provider.invoke(JUnit4Provider.java:112)
	at sun.reflect.NativeMethodAccessorImpl.invoke0(Native Method)
	at sun.reflect.NativeMethodAccessorImpl.invoke(NativeMethodAccessorImpl.java:62)
	at sun.reflect.DelegatingMethodAccessorImpl.invoke(DelegatingMethodAccessorImpl.java:43)
	at java.lang.reflect.Method.invoke(Method.java:498)
	at org.apache.maven.surefire.util.ReflectionUtils.invokeMethodWithArray(ReflectionUtils.java:189)
	at org.apache.maven.surefire.booter.ProviderFactory$ProviderProxy.invoke(ProviderFactory.java:165)
	at org.apache.maven.surefire.booter.ProviderFactory.invokeProvider(ProviderFactory.java:85)
	at org.apache.maven.surefire.booter.ForkedBooter.runSuitesInProcess(ForkedBooter.java:115)
	at org.apache.maven.surefire.booter.ForkedBooter.main(ForkedBooter.java:75)
</error>
    <system-out>00:20:23.306 [main] DEBUG o.h.e.t.internal.TransactionImpl - begin
00:20:23.306 [main] DEBUG o.h.e.i.AbstractSaveEventListener - Generated identifier: 1d28554d-bbfc-4ad1-8c73-7dc22c90e5ea, using strategy: org.hibernate.id.Assigned
00:20:23.307 [main] DEBUG o.h.e.t.internal.TransactionImpl - committing
00:20:23.307 [main] DEBUG o.h.e.i.AbstractFlushingEventListener - Processing flush-time cascades
00:20:23.307 [main] DEBUG o.h.e.i.AbstractFlushingEventListener - Dirty checking collections
00:20:23.307 [main] DEBUG o.h.e.i.AbstractFlushingEventListener - Flushed: 1 insertions, 0 updates, 0 deletions to 1 objects
00:20:23.307 [main] DEBUG o.h.e.i.AbstractFlushingEventListener - Flushed: 0 (re)creations, 0 updates, 0 removals to 0 collections
00:20:23.307 [main] DEBUG o.h.internal.util.EntityPrinter - Listing entities:
00:20:23.310 [main] DEBUG o.h.internal.util.EntityPrinter - domain.PersonDomainModel{birthday=Tue Dec 27 00:00:00 EST 1994, firstName=TestName, lastName=Heart, PersonID=1d28554d-bbfc-4ad1-8c73-7dc22c90e5ea, city=Collegeville, street=702 Stones Gate Blvd, postalCode=21921, middleName=J}
00:20:23.310 [main] DEBUG org.hibernate.SQL - 
    insert 
    into
        HartA.per
        (firstName, middleName, lastName, street, postalCode, city, birthday, PersonID) 
    values
        (?, ?, ?, ?, ?, ?, ?, ?)
Hibernate: 
    insert 
    into
        HartA.per
        (firstName, middleName, lastName, street, postalCode, city, birthday, PersonID) 
    values
        (?, ?, ?, ?, ?, ?, ?, ?)
00:20:23.475 [main] DEBUG o.h.e.j.internal.JdbcCoordinatorImpl - HHH000420: Closing un-released batch
00:20:23.475 [main] DEBUG o.h.e.t.internal.TransactionImpl - begin
00:20:23.476 [main] DEBUG org.hibernate.SQL - 
    select
        persondoma0_.PersonID as PersonID1_0_,
        persondoma0_.firstName as firstName2_0_,
        persondoma0_.middleName as middleName3_0_,
        persondoma0_.lastName as lastName4_0_,
        persondoma0_.street as street5_0_,
        persondoma0_.postalCode as postalCode6_0_,
        persondoma0_.city as city7_0_,
        persondoma0_.birthday as birthday8_0_ 
    from
        HartA.per persondoma0_ 
    where
        personId=?
Hibernate: 
    select
        persondoma0_.PersonID as PersonID1_0_,
        persondoma0_.firstName as firstName2_0_,
        persondoma0_.middleName as middleName3_0_,
        persondoma0_.lastName as lastName4_0_,
        persondoma0_.street as street5_0_,
        persondoma0_.postalCode as postalCode6_0_,
        persondoma0_.city as city7_0_,
        persondoma0_.birthday as birthday8_0_ 
    from
        HartA.per persondoma0_ 
    where
        personId=?
00:20:23.502 [main] DEBUG org.hibernate.loader.Loader - Result set row: 0
00:20:23.502 [main] DEBUG org.hibernate.loader.Loader - Result row: EntityKey[domain.PersonDomainModel#1d28554d-bbfc-4ad1-8c73-7dc22c90e5ea]
00:20:23.502 [main] DEBUG o.h.engine.internal.TwoPhaseLoad - Resolving associations for [domain.PersonDomainModel#1d28554d-bbfc-4ad1-8c73-7dc22c90e5ea]
00:20:23.503 [main] DEBUG o.h.engine.internal.TwoPhaseLoad - Done materializing entity [domain.PersonDomainModel#1d28554d-bbfc-4ad1-8c73-7dc22c90e5ea]
00:20:23.503 [main] DEBUG o.h.e.t.internal.TransactionImpl - committing
00:20:23.503 [main] DEBUG o.h.e.i.AbstractFlushingEventListener - Processing flush-time cascades
00:20:23.503 [main] DEBUG o.h.e.i.AbstractFlushingEventListener - Dirty checking collections
00:20:23.503 [main] DEBUG o.h.e.i.AbstractFlushingEventListener - Flushed: 0 insertions, 0 updates, 0 deletions to 1 objects
00:20:23.503 [main] DEBUG o.h.e.i.AbstractFlushingEventListener - Flushed: 0 (re)creations, 0 updates, 0 removals to 0 collections
00:20:23.503 [main] DEBUG o.h.internal.util.EntityPrinter - Listing entities:
00:20:23.504 [main] DEBUG o.h.internal.util.EntityPrinter - domain.PersonDomainModel{birthday=1994-12-27, firstName=TestName, lastName=Heart, PersonID=1d28554d-bbfc-4ad1-8c73-7dc22c90e5ea, city=Collegeville, street=702 Stones Gate Blvd, postalCode=21921, middleName=J}
00:20:23.524 [main] DEBUG o.h.e.t.internal.TransactionImpl - begin
00:20:23.524 [main] DEBUG org.hibernate.SQL - 
    select
        persondoma0_.PersonID as PersonID1_0_0_,
        persondoma0_.firstName as firstName2_0_0_,
        persondoma0_.middleName as middleName3_0_0_,
        persondoma0_.lastName as lastName4_0_0_,
        persondoma0_.street as street5_0_0_,
        persondoma0_.postalCode as postalCode6_0_0_,
        persondoma0_.city as city7_0_0_,
        persondoma0_.birthday as birthday8_0_0_ 
    from
        HartA.per persondoma0_ 
    where
        persondoma0_.PersonID=?
Hibernate: 
    select
        persondoma0_.PersonID as PersonID1_0_0_,
        persondoma0_.firstName as firstName2_0_0_,
        persondoma0_.middleName as middleName3_0_0_,
        persondoma0_.lastName as lastName4_0_0_,
        persondoma0_.street as street5_0_0_,
        persondoma0_.postalCode as postalCode6_0_0_,
        persondoma0_.city as city7_0_0_,
        persondoma0_.birthday as birthday8_0_0_ 
    from
        HartA.per persondoma0_ 
    where
        persondoma0_.PersonID=?
00:20:23.547 [main] DEBUG o.h.l.p.e.p.i.ResultSetProcessorImpl - Starting ResultSet row #0
00:20:23.547 [main] DEBUG o.h.l.p.e.p.i.EntityReferenceInitializerImpl - On call to EntityIdentifierReaderImpl#resolve, EntityKey was already known; should only happen on root returns with an optional identifier specified
00:20:23.548 [main] DEBUG o.h.engine.internal.TwoPhaseLoad - Resolving associations for [domain.PersonDomainModel#1d28554d-bbfc-4ad1-8c73-7dc22c90e5ea]
00:20:23.548 [main] DEBUG o.h.engine.internal.TwoPhaseLoad - Done materializing entity [domain.PersonDomainModel#1d28554d-bbfc-4ad1-8c73-7dc22c90e5ea]
00:20:23.548 [main] DEBUG o.h.r.j.i.ResourceRegistryStandardImpl - HHH000387: ResultSet&apos;s statement was not registered
00:20:23.548 [main] DEBUG o.h.l.e.p.AbstractLoadPlanBasedEntityLoader - Done entity load : domain.PersonDomainModel#1d28554d-bbfc-4ad1-8c73-7dc22c90e5ea
00:20:23.548 [main] DEBUG o.h.e.t.internal.TransactionImpl - committing
00:20:23.549 [main] DEBUG o.h.e.i.AbstractFlushingEventListener - Processing flush-time cascades
00:20:23.549 [main] DEBUG o.h.e.i.AbstractFlushingEventListener - Dirty checking collections
00:20:23.549 [main] DEBUG o.h.e.i.AbstractFlushingEventListener - Flushed: 0 insertions, 0 updates, 1 deletions to 1 objects
00:20:23.549 [main] DEBUG o.h.e.i.AbstractFlushingEventListener - Flushed: 0 (re)creations, 0 updates, 0 removals to 0 collections
00:20:23.549 [main] DEBUG o.h.internal.util.EntityPrinter - Listing entities:
00:20:23.549 [main] DEBUG o.h.internal.util.EntityPrinter - domain.PersonDomainModel{birthday=1994-12-27, firstName=TestName, lastName=Heart, PersonID=1d28554d-bbfc-4ad1-8c73-7dc22c90e5ea, city=Collegeville, street=702 Stones Gate Blvd, postalCode=21921, middleName=J}
00:20:23.549 [main] DEBUG org.hibernate.SQL - 
    delete 
    from
        HartA.per 
    where
        PersonID=?
Hibernate: 
    delete 
    from
        HartA.per 
    where
        PersonID=?
00:20:23.590 [main] DEBUG o.h.e.j.internal.JdbcCoordinatorImpl - HHH000420: Closing un-released batch
00:20:23.591 [main] DEBUG o.h.e.t.internal.TransactionImpl - begin
00:20:23.591 [main] DEBUG org.hibernate.SQL - 
    select
        persondoma0_.PersonID as PersonID1_0_,
        persondoma0_.firstName as firstName2_0_,
        persondoma0_.middleName as middleName3_0_,
        persondoma0_.lastName as lastName4_0_,
        persondoma0_.street as street5_0_,
        persondoma0_.postalCode as postalCode6_0_,
        persondoma0_.city as city7_0_,
        persondoma0_.birthday as birthday8_0_ 
    from
        HartA.per persondoma0_ 
    where
        personId=?
Hibernate: 
    select
        persondoma0_.PersonID as PersonID1_0_,
        persondoma0_.firstName as firstName2_0_,
        persondoma0_.middleName as middleName3_0_,
        persondoma0_.lastName as lastName4_0_,
        persondoma0_.street as street5_0_,
        persondoma0_.postalCode as postalCode6_0_,
        persondoma0_.city as city7_0_,
        persondoma0_.birthday as birthday8_0_ 
    from
        HartA.per persondoma0_ 
    where
        personId=?
</system-out>
  </testcase>
</testsuite>